
Gurobi 10.0.0 (win64, C++) logging started Sun Nov 19 16:22:24 2023

Set parameter TokenServer to value "141.30.89.215"
Warning: Gurobi version mismatch between C++ 10.0.3 and C library 10.0.0
Set parameter Threads to value 8
Set parameter LazyConstraints to value 1
Set parameter PreCrush to value 1
Set parameter TimeLimit to value 28800
Set parameter SolutionLimit to value 10000
Gurobi Optimizer version 10.0.0 build v10.0.0rc2 (win64)

CPU model: AMD EPYC 7513 32-Core Processor, instruction set [SSE2|AVX|AVX2]
Thread count: 16 physical cores, 16 logical processors, using up to 8 threads

Optimize a model with 263 rows, 484 columns and 1404 nonzeros
Model fingerprint: 0xd61e50b3
Variable types: 0 continuous, 484 integer (484 binary)
Coefficient statistics:
  Matrix range     [1e+00, 1e+00]
  Objective range  [3e+00, 8e+01]
  Bounds range     [1e+00, 1e+00]
  RHS range        [1e+00, 6e+00]
Presolve removed 9 rows and 25 columns
Presolve time: 0.00s
Presolved: 254 rows, 459 columns, 1350 nonzeros
Variable types: 0 continuous, 459 integer (459 binary)

Root relaxation: objective 3.141366e+02, 68 iterations, 0.00 seconds (0.00 work units)

    Nodes    |    Current Node    |     Objective Bounds      |     Work
 Expl Unexpl |  Obj  Depth IntInf | Incumbent    BestBd   Gap | It/Node Time

     0     0  314.13662    0    8          -  314.13662      -     -    0s
     0     0  319.15945    0    -          -  319.15945      -     -    0s
     0     0  323.22855    0   28          -  323.22855      -     -    0s
     0     0  324.58433    0    -          -  324.58433      -     -    0s
     0     0  327.48257    0    -          -  327.48257      -     -    0s
     0     0  341.23102    0    -          -  341.23102      -     -    0s
     0     0  342.27830    0    -          -  342.27830      -     -    0s
     0     0  349.25466    0   28          -  349.25466      -     -    0s
     0     0  349.25466    0   37          -  349.25466      -     -    0s
     0     0  349.25466    0   22          -  349.25466      -     -    0s
     0     2  360.55935    0   14          -  360.55935      -     -    0s
   475   487  425.66052   52   33          -  365.46745      -   9.0    5s
   970   995  418.69445  113   12          -  365.46745      -   8.1   10s
  1658  1466  381.13635   12   67          -  379.95631      -   7.5   15s
  2039  1720  440.27833   38   30          -  380.14889      -   9.0   20s
  2414  1898  386.55315   19   25          -  380.71353      -   9.2   25s
  2819  2081  418.69138   64    8          -  380.91737      -   9.4   30s
  3597  2513  427.51554   32   26          -  380.91737      -   9.5   35s
  4148  2783  424.42660   56   11          -  381.96592      -   9.8   40s
  4889  3173  400.44706   32   28          -  382.99633      -   9.8   46s
  5406  3388  411.26950   31    -          -  383.28385      -   9.8   50s
  5880  3759  392.02265   20   48          -  384.06053      -   9.9   55s
  6628  4318  443.04820   48   40          -  384.06053      -   9.9   60s
  7381  4959  393.87841   17   50          -  385.01416      -   9.8   65s
  8374  5799  402.09998   27   48          -  385.29583      -   9.8   71s
  8742  6151  411.32679   42   37          -  385.29583      -   9.9   75s
  9646  6884  528.61548   78    -          -  385.56486      -   9.9   81s
 10206  7373  428.65078   42   37          -  385.75116      -   9.9   85s
 11058  8063  401.82747   35   36          -  386.28830      -   9.9   90s
 11763  8641  419.01952   36   11          -  386.63476      -  10.0   97s
 12296  9053  445.37594   50   23          -  387.14818      -  10.0  102s
 12778  9557  399.83158   24   33          -  387.28402      -  10.1  105s
 13697 10361  424.70835   57   34          -  387.54295      -  10.1  110s
 14450 10970  420.64040   28   12          -  387.70085      -  10.1  118s
H14657  6298                     428.5259856  387.70085  9.53%  10.1  120s
 15300  6590  425.48393   27   35  428.52599  388.13206  9.43%  10.3  125s
 16010  7018  405.01118   30    -  428.52599  388.53504  9.33%  10.4  130s
 16913  7758  410.81768   41   33  428.52599  389.11489  9.20%  10.4  135s
 18125  8444  408.23237   36   45  428.52599  389.71668  9.06%  10.6  140s
 18747  8780  425.91792   32   26  428.52599  389.78031  9.04%  10.7  145s
 20326  9490     cutoff   48       428.52599  390.53453  8.87%  10.8  150s
 21440 10406  419.04437   50   39  428.52599  391.02794  8.75%  10.9  155s
 22767 11202  404.66163   29   47  428.52599  391.39217  8.67%  11.0  162s
 24088 12042  424.34538   40   38  428.52599  391.81598  8.57%  11.0  166s
 25508 12737  424.13349   29   42  428.52599  392.22532  8.47%  11.1  171s
 26725 13401  423.56218   38   37  428.52599  392.44522  8.42%  11.2  178s
 27886 13823  401.24759   30   52  428.52599  392.71352  8.36%  11.3  182s
 28747 14422     cutoff   37       428.52599  392.94019  8.30%  11.3  186s
 29368 14752     cutoff   28       428.52599  393.02008  8.29%  11.3  190s
 31260 15730  408.86368   24   35  428.52599  393.45170  8.18%  11.4  195s
 31936 16097  400.62557   35   47  428.52599  393.63223  8.14%  11.5  200s
 34620 17583  417.13774   27   25  428.52599  394.08316  8.04%  11.5  206s
 35921 18276  412.65042   39   32  428.52599  394.33473  7.98%  11.6  212s
 37663 19078  407.81013   27   38  428.52599  394.69242  7.90%  11.7  216s
 39553 20099  413.69636   31   33  428.52599  394.95102  7.83%  11.8  220s
 42182 21286  427.44494   46    -  428.52599  395.35187  7.74%  11.9  225s
 43362 21778  411.95510   27   28  428.52599  395.47914  7.71%  11.9  230s
 45784 22836  420.49443   31   47  428.52599  395.88647  7.62%  12.0  236s
 47397 23387  404.37432   32   33  428.52599  396.07222  7.57%  12.1  242s
 48249 23875     cutoff   40       428.52599  396.26105  7.53%  12.1  246s
 50212 24748  425.26539   31   40  428.52599  396.50138  7.47%  12.2  250s
 52234 25723     cutoff   39       428.52599  396.71232  7.42%  12.2  256s
 53862 26340  424.76422   46   23  428.52599  396.88922  7.38%  12.3  260s
 55572 27221  425.19248   27   36  428.52599  397.05343  7.34%  12.3  265s
 58222 28392  410.26043   28   49  428.52599  397.36286  7.27%  12.3  270s
 60918 29545  423.54950   41   35  428.52599  397.67618  7.20%  12.4  275s
 62941 30325  426.03745   41   41  428.52599  397.86113  7.16%  12.4  281s
 63516 30613  413.26803   28   40  428.52599  397.92796  7.14%  12.4  285s
 65362 31350  412.93329   44   10  428.52599  398.13450  7.09%  12.5  292s
 66706 31987  416.09594   28   49  428.52599  398.27604  7.06%  12.5  296s
 67981 32523  421.84955   37   29  428.52599  398.37174  7.04%  12.5  300s
 71284 33935  423.75036   30   12  428.52599  398.69174  6.96%  12.5  307s
 73212 34761  426.91117   54   39  428.52599  398.87354  6.92%  12.6  312s
 74344 35224  417.41510   36   26  428.52599  398.96438  6.90%  12.6  316s
 75629 35731  423.15848   28   35  428.52599  399.05825  6.88%  12.6  320s
 77500 36528  416.87314   33   22  428.52599  399.22717  6.84%  12.6  325s
 79879 37497     cutoff   35       428.52599  399.37560  6.80%  12.7  330s
 81209 38088  401.37123   24   58  428.52599  399.47432  6.78%  12.7  335s
 83198 39026  418.67735   35   42  428.52599  399.65315  6.74%  12.7  340s
 85721 40091  403.74573   25   41  428.52599  399.85464  6.69%  12.8  347s
 86934 40605  419.20563   46   35  428.52599  399.92470  6.67%  12.8  350s
 89317 41533     cutoff   36       428.52599  400.10558  6.63%  12.8  356s
 91121 42158  420.35502   34   40  428.52599  400.26089  6.60%  12.9  360s
 93591 43193  428.29693   31   31  428.52599  400.43033  6.56%  12.9  366s
 94286 43424     cutoff   38       428.52599  400.47107  6.55%  12.9  370s
 96782 44390  426.73070   56   25  428.52599  400.62856  6.51%  12.9  375s
 98745 45155  426.50045   52   20  428.52599  400.76112  6.48%  12.9  381s
 100527 45930  405.42446   29   24  428.52599  400.89439  6.45%  13.0  385s
 103267 46957  410.08504   38   55  428.52599  401.07796  6.41%  13.0  391s
*103730 46239              41     427.6844798  401.08993  6.22%  13.0  391s
 105149 46909  420.94773   43   38  427.68448  401.17560  6.20%  13.0  395s
 108092 47611  423.83216   40   43  427.68448  401.38075  6.15%  13.0  400s
 110708 48782  405.52352   28   22  427.68448  401.57847  6.10%  13.0  405s
 113168 49658  423.97855   38   46  427.68448  401.71908  6.07%  13.1  411s
 114439 50093  416.67016   42   40  427.68448  401.79466  6.05%  13.1  417s
 115460 50352     cutoff   42       427.68448  401.84204  6.04%  13.1  420s
 117792 51271  416.56758   37   40  427.68448  401.95978  6.01%  13.1  425s
 121012 52357     cutoff   25       427.68448  402.13317  5.97%  13.1  431s
 122894 53023  406.36049   26   48  427.68448  402.26561  5.94%  13.1  435s
 125432 53898  412.53936   33   31  427.68448  402.39166  5.91%  13.1  440s
 128747 54962  413.80167   33   32  427.68448  402.55637  5.88%  13.2  445s
 131399 55821  418.33739   31   31  427.68448  402.69146  5.84%  13.2  450s
H132099 55713                     427.5637664  402.74144  5.81%  13.2  452s
 132721 56159  419.06354   27   46  427.56377  402.77664  5.80%  13.2  455s
 136082 57224  423.14359   36   40  427.56377  402.97173  5.75%  13.2  460s
 138786 58225  422.07130   57   35  427.56377  403.12983  5.71%  13.2  466s
 141548 59123  424.76982   31   12  427.56377  403.28807  5.68%  13.2  471s
 143783 59857  417.24097   26   19  427.56377  403.37843  5.66%  13.2  475s
 146275 60670     cutoff   30       427.56377  403.49399  5.63%  13.2  481s
 148266 61332  404.44801   38   34  427.56377  403.58954  5.61%  13.2  485s
 150971 62151  418.75180   37   31  427.56377  403.72522  5.58%  13.2  490s
 152935 62821     cutoff   36       427.56377  403.81958  5.55%  13.2  495s
 155697 63705  407.10533   30   31  427.56377  403.94893  5.52%  13.2  500s
 159110 64712  424.01693   54   15  427.56377  404.12811  5.48%  13.3  505s
 161754 65554  407.79559   34   41  427.56377  404.24791  5.45%  13.3  510s
 163187 66021  414.27499   28   30  427.56377  404.30256  5.44%  13.3  515s
 167099 66948  410.00453   38   20  427.56377  404.47985  5.40%  13.3  520s
 169752 67738 infeasible   51       427.56377  404.57508  5.38%  13.3  525s
 173813 68763  416.20640   43   37  427.56377  404.75661  5.33%  13.3  530s
 176426 69594     cutoff   31       427.56377  404.86163  5.31%  13.3  535s
 179722 70568  420.50304   45   14  427.56377  405.00575  5.28%  13.3  541s
 181740 70957  416.99405   36   46  427.56377  405.08080  5.26%  13.3  547s
 182251 71118  418.30227   34   41  427.56377  405.09436  5.26%  13.3  550s
 185535 71956     cutoff   31       427.56377  405.23129  5.22%  13.3  555s
 187010 72551  421.85120   37   37  427.56377  405.28339  5.21%  13.3  560s
 189686 73329  422.52342   35   36  427.56377  405.37790  5.19%  13.3  566s
 192541 74167  416.55720   32   28  427.56377  405.48513  5.16%  13.3  570s
 195914 74868  412.14755   30   32  427.56377  405.61220  5.13%  13.3  575s
 199461 75951  419.25514   29   47  427.56377  405.72926  5.11%  13.3  580s
 201518 76532     cutoff   51       427.56377  405.80366  5.09%  13.4  586s
 204247 77258  421.69156   31   41  427.56377  405.91113  5.06%  13.4  590s
 207830 78171  417.16457   31   30  427.56377  406.01959  5.04%  13.4  595s
 211892 79152  421.87891   31   46  427.56377  406.16578  5.00%  13.4  600s
 213983 79685     cutoff   45       427.56377  406.22573  4.99%  13.4  605s
 216762 80357  422.17739   53   34  427.56377  406.33215  4.97%  13.4  610s
 218101 80697  418.77649   36   25  427.56377  406.37725  4.96%  13.4  615s
 220922 81358  424.36100   43   28  427.56377  406.46814  4.93%  13.4  620s
 223554 81939  414.60652   32   12  427.56377  406.56553  4.91%  13.4  625s
 225603 82415     cutoff   34       427.56377  406.63935  4.89%  13.4  630s
 229763 83404  421.14834   40   34  427.56377  406.76072  4.87%  13.4  636s
 232623 84064  410.61970   36   42  427.56377  406.85052  4.84%  13.4  641s
 234670 84465  419.66137   46   31  427.56377  406.91142  4.83%  13.4  645s
 237519 85122     cutoff   43       427.56377  407.00038  4.81%  13.4  650s
 242283 85914     cutoff   53       427.56377  407.16136  4.77%  13.4  655s
 246559 86794  413.25660   31   40  427.56377  407.30325  4.74%  13.5  660s
 249464 87456  420.72240   39   37  427.56377  407.38605  4.72%  13.5  665s
 253635 88324     cutoff   30       427.56377  407.50401  4.69%  13.5  671s
 256524 88989  427.36046   39   37  427.56377  407.58701  4.67%  13.5  675s
 260050 89688  426.94345   34   28  427.56377  407.70489  4.64%  13.5  680s
 263517 90437  413.86773   27   32  427.56377  407.80870  4.62%  13.5  685s
 267189 91205  424.14594   38   19  427.56377  407.92825  4.59%  13.5  690s
 270770 91945     cutoff   27       427.56377  408.03805  4.57%  13.5  695s
 274458 92567  413.55165   38   42  427.56377  408.14020  4.54%  13.5  700s
 278099 93243     cutoff   39       427.56377  408.24354  4.52%  13.5  705s
 281923 93885     cutoff   27       427.56377  408.35528  4.49%  13.5  710s
 284769 94452     cutoff   40       427.56377  408.44678  4.47%  13.5  715s
 289167 95311  417.65660   40   46  427.56377  408.56023  4.44%  13.5  720s
 292571 95876  416.96293   34   22  427.56377  408.66884  4.42%  13.5  726s
 296163 96479     cutoff   37       427.56377  408.76925  4.40%  13.5  730s
 299142 96981     cutoff   38       427.56377  408.83807  4.38%  13.6  735s
 301839 97534  425.35048   39   31  427.56377  408.91901  4.36%  13.6  740s
 304922 97998     cutoff   39       427.56377  408.99389  4.34%  13.6  745s
 305646 98001  424.40612   53   22  427.56377  409.02069  4.34%  13.6  900s
 305667 98018  409.02069   25   63  427.56377  409.02069  4.34%  13.6  905s
 306064 98142  424.60054   54   31  427.56377  409.02069  4.34%  13.6  910s
 307269 98421  418.02882   45   40  427.56377  409.02069  4.34%  13.6  915s
 308920 98866  415.56156   40   40  427.56377  409.02069  4.34%  13.6  920s
 311927 99432  416.30858   46   28  427.56377  409.02069  4.34%  13.6  925s
 314596 99750  409.02069   35   41  427.56377  409.02069  4.34%  13.6  930s
 317683 100265  420.43845   47   49  427.56377  409.02069  4.34%  13.6  935s
 320528 100659  425.40631   49   27  427.56377  409.02069  4.34%  13.6  940s
 323652 101035     cutoff   50       427.56377  409.02069  4.34%  13.6  946s
 326015 101330     cutoff   49       427.56377  409.02069  4.34%  13.6  950s
 328447 101648     cutoff   53       427.56377  409.02069  4.34%  13.6  955s
 331927 101892     cutoff   59       427.56377  409.02069  4.34%  13.6  961s
 334122 102039  409.02069   41   40  427.56377  409.02069  4.34%  13.7  965s
 336040 102091  420.84617   35   39  427.56377  409.02069  4.34%  13.7  970s
 339433 102135  412.72681   41   44  427.56377  409.02069  4.34%  13.7  976s
 341596 102337  415.75891   38   51  427.56377  409.02069  4.34%  13.7  981s
 344756 102223  427.39706   40   25  427.56377  409.02069  4.34%  13.7  987s
 346755 102385  425.98443   50   26  427.56377  409.02069  4.34%  13.7  991s
 348659 102434  418.27742   42   40  427.56377  409.02069  4.34%  13.7  995s
 351590 102501  427.45723   49   18  427.56377  409.02069  4.34%  13.7 1001s
 354573 102484     cutoff   47       427.56377  409.02069  4.34%  13.7 1006s
 356389 102261     cutoff   59       427.56377  409.02069  4.34%  13.7 1010s
 358646 102547  424.59102   56   24  427.56377  409.02069  4.34%  13.7 1015s
 361628 102517  420.78803   38   20  427.56377  409.02069  4.34%  13.7 1020s
 364418 102539     cutoff   48       427.56377  409.02069  4.34%  13.7 1025s
 367547 102348  423.56463   55   21  427.56377  409.02069  4.34%  13.7 1030s
 369922 102437  414.42599   34   33  427.56377  409.02069  4.34%  13.7 1036s
 372910 102426  409.02069   41   50  427.56377  409.02069  4.34%  13.7 1041s
 375811 102326  417.33888   40   22  427.56377  409.02069  4.34%  13.7 1045s
 378729 102350  424.95685   52   31  427.56377  409.02069  4.34%  13.7 1050s
 381486 102371  423.28890   41   24  427.56377  409.02069  4.34%  13.7 1056s
 383514 102361  416.73434   42   45  427.56377  409.02069  4.34%  13.7 1060s
 387377 102372  424.03245   46    9  427.56377  409.02069  4.34%  13.7 1066s
 390347 102279  425.54369   41   18  427.56377  409.02069  4.34%  13.7 1071s
 392897 102147  419.19016   39   20  427.56377  409.02069  4.34%  13.7 1076s
 394782 102063  413.36817   43   38  427.56377  409.02069  4.34%  13.7 1081s
 396818 101902     cutoff   50       427.56377  409.02069  4.34%  13.7 1085s
 399176 102150     cutoff   44       427.56377  409.02069  4.34%  13.7 1090s
 401124 102034     cutoff   44       427.56377  409.02069  4.34%  13.7 1095s
 404169 101834  419.66552   51   30  427.56377  409.02069  4.34%  13.7 1100s
 406823 101815  411.25076   38   42  427.56377  409.02069  4.34%  13.7 1105s
 409942 101681  424.11270   44   34  427.56377  409.02069  4.34%  13.7 1111s
 411877 101731  426.97582   55   31  427.56377  409.02069  4.34%  13.7 1115s
 414647 101618  416.17900   41   24  427.56377  409.02069  4.34%  13.7 1121s
 417199 101443  426.15640   47   17  427.56377  409.09250  4.32%  13.7 1126s
 419238 101315     cutoff   45       427.56377  409.21760  4.29%  13.7 1130s
 422053 101240  427.36653   49   45  427.56377  409.38068  4.25%  13.7 1136s
 424054 101132  416.51914   38   45  427.56377  409.50927  4.22%  13.7 1140s
 427116 101084     cutoff   49       427.56377  409.66954  4.19%  13.7 1145s
 430277 101037  423.07813   42   23  427.56377  409.84731  4.14%  13.7 1151s
 432265 100945  426.26022   55   33  427.56377  409.95894  4.12%  13.6 1155s
 434313 100779  420.83200   57   23  427.56377  410.04679  4.10%  13.6 1160s
 437056 100568  424.05874   45   34  427.56377  410.20911  4.06%  13.6 1165s
 439823 100471     cutoff   42       427.56377  410.35348  4.03%  13.6 1171s
 441836 100405  426.69957   45   24  427.56377  410.44813  4.00%  13.6 1175s
 445033 100311  426.06898   48   21  427.56377  410.58516  3.97%  13.6 1181s
 446124 100034  418.60111   40   43  427.56377  410.62432  3.96%  13.6 1185s
 448130 100106  415.71818   42   29  427.56377  410.73520  3.94%  13.6 1191s
 450113 100034  420.59350   45   26  427.56377  410.82654  3.91%  13.6 1195s
 452972 99937  424.18016   43   20  427.56377  410.95589  3.88%  13.6 1201s
 456036 99704  424.02341   50   31  427.56377  411.10017  3.85%  13.6 1206s
 457872 99515     cutoff   44       427.56377  411.17679  3.83%  13.6 1210s
 460394 99570  414.23593   37   12  427.56377  411.29446  3.81%  13.6 1216s
 462077 99480  418.00522   50   30  427.56377  411.37015  3.79%  13.6 1220s
 464086 99511  421.53813   53   22  427.56377  411.44412  3.77%  13.6 1225s
 466216 99410  426.52979   56   33  427.56377  411.51880  3.75%  13.6 1230s
 469161 99186  414.00200   43   26  427.56377  411.65370  3.72%  13.6 1236s
 471339 99108     cutoff   60       427.56377  411.73110  3.70%  13.6 1240s
 474327 98890  421.86807   53   43  427.56377  411.85411  3.67%  13.5 1246s
 477328 98618     cutoff   47       427.56377  411.95169  3.65%  13.5 1251s
 479375 98464     cutoff   48       427.56377  412.02716  3.63%  13.5 1255s
 482333 98264     cutoff   44       427.56377  412.14484  3.61%  13.5 1262s
 483575 98114  417.92581   47   37  427.56377  412.17690  3.60%  13.5 1265s
 486587 97863     cutoff   55       427.56377  412.30472  3.57%  13.5 1270s
 489657 97667  423.27097   44   28  427.56377  412.41224  3.54%  13.5 1277s
 491671 97484     cutoff   71       427.56377  412.48749  3.53%  13.5 1280s
 494317 97202  425.32516   41   58  427.56377  412.58140  3.50%  13.5 1286s
 496253 96963  424.93660   55   26  427.56377  412.66581  3.48%  13.5 1290s
 499242 96786     cutoff   39       427.56377  412.76886  3.46%  13.5 1296s
 501158 96637     cutoff   66       427.56377  412.84142  3.44%  13.5 1300s
 502903 96515  417.77128   38   15  427.56377  412.91053  3.43%  13.5 1305s
 505806 96232  420.23705   47   35  427.56377  413.00939  3.40%  13.5 1311s
 508310 95831     cutoff   41       427.56377  413.08306  3.39%  13.5 1315s
 510421 95724  424.92488   52   33  427.56377  413.16962  3.37%  13.5 1320s
 513457 95505     cutoff   62       427.56377  413.27298  3.34%  13.4 1327s
 515481 95247  427.25734   46   23  427.56377  413.33554  3.33%  13.4 1330s
 517499 95039  422.45680   42   42  427.56377  413.40017  3.31%  13.4 1335s
 520466 94734     cutoff   51       427.56377  413.50126  3.29%  13.4 1340s
 522646 94594  425.72181   43   14  427.56377  413.57410  3.27%  13.4 1345s
 525474 94217     cutoff   47       427.56377  413.66599  3.25%  13.4 1350s
 527635 93895  421.18818   43   39  427.56377  413.72050  3.24%  13.4 1355s
 529550 93717     cutoff   61       427.56377  413.77380  3.23%  13.4 1360s
 532572 93363  425.12549   44   24  427.56377  413.86979  3.20%  13.4 1366s
 534648 93050     cutoff   45       427.56377  413.92896  3.19%  13.4 1370s
 536773 92788     cutoff   64       427.56377  413.97867  3.18%  13.4 1375s
 538480 92691     cutoff   50       427.56377  414.02097  3.17%  13.4 1380s
 541635 92314     cutoff   70       427.56377  414.11837  3.14%  13.4 1385s
 544512 91937     cutoff   48       427.56377  414.19906  3.13%  13.4 1392s
 546523 91669  420.27708   44   24  427.56377  414.25936  3.11%  13.4 1396s
 548573 91425     cutoff   60       427.56377  414.30755  3.10%  13.4 1401s
 551693 91075  424.78200   45   32  427.56377  414.39116  3.08%  13.3 1406s
 553619 90954     cutoff   45       427.56377  414.44552  3.07%  13.3 1410s
 556548 90470  416.03766   36   12  427.56377  414.52764  3.05%  13.3 1415s
 558369 90292     cutoff   55       427.56377  414.59163  3.03%  13.3 1420s
 561706 89879  427.30779   65   24  427.56377  414.67140  3.02%  13.3 1426s
 563783 89628  424.08478   47   26  427.56377  414.72713  3.00%  13.3 1430s
 566131 89253  421.34063   48   12  427.56377  414.77857  2.99%  13.3 1435s
 568784 89071  421.45015   49   18  427.56377  414.85665  2.97%  13.3 1441s
 570840 88859     cutoff   46       427.56377  414.90386  2.96%  13.3 1446s
 573019 88552  424.50386   54   37  427.56377  414.94562  2.95%  13.3 1450s
 575994 88054     cutoff   43       427.56377  415.02053  2.93%  13.3 1456s
 578033 87794  425.13621   45   26  427.56377  415.05159  2.93%  13.3 1461s
 579690 87604     cutoff   50       427.56377  415.10237  2.91%  13.3 1465s
 582911 87076  422.96968   56   23  427.56377  415.17476  2.90%  13.3 1472s
 584779 86847     cutoff   47       427.56377  415.22631  2.89%  13.3 1475s
 586946 86534  416.12138   46   26  427.56377  415.27560  2.87%  13.3 1480s
 590061 86153  423.36534   41   41  427.56377  415.35461  2.86%  13.2 1486s
 592159 85851  424.45889   54   12  427.56377  415.40220  2.84%  13.2 1491s
 594112 85537  417.56132   41   36  427.56377  415.43593  2.84%  13.2 1495s
 597274 84988  421.66637   46   41  427.56377  415.51322  2.82%  13.2 1501s
 599147 84876  421.10246   44   37  427.56377  415.55268  2.81%  13.2 1505s
 602219 84964     cutoff   53       427.56377  415.60863  2.80%  13.2 1510s
 603562 85330  423.38860   41   32  427.56377  415.65698  2.78%  13.2 1515s
 606036 85783     cutoff   45       427.56377  415.70894  2.77%  13.2 1521s
 608132 86170     cutoff   51       427.56377  415.75227  2.76%  13.2 1526s
 610158 86445  420.48304   49   44  427.56377  415.80113  2.75%  13.2 1531s
 612126 86716  424.12462   47   24  427.56377  415.84772  2.74%  13.2 1536s
 614203 87040  422.88095   48   28  427.56377  415.89112  2.73%  13.2 1540s
 616231 87397  424.48281   60   29  427.56377  415.93271  2.72%  13.2 1545s
 618475 87805  422.53502   42    8  427.56377  415.97590  2.71%  13.2 1550s
 620539 88156  425.45331   47   28  427.56377  416.01589  2.70%  13.2 1555s
 622731 88457  419.44228   50   44  427.56377  416.05768  2.69%  13.2 1560s
 625719 88956  425.31951   55   39  427.56377  416.11754  2.68%  13.2 1567s
 627977 89291  423.82412   45   24  427.56377  416.15979  2.67%  13.1 1572s
 630073 89662  423.76921   56   11  427.56377  416.20271  2.66%  13.1 1576s
 632330 89913     cutoff   43       427.56377  416.24624  2.65%  13.1 1581s
 634156 90187     cutoff   61       427.56377  416.27935  2.64%  13.1 1585s
 637219 90579 infeasible   43       427.56377  416.34032  2.62%  13.1 1591s
 639335 90925  416.48983   41   20  427.56377  416.38613  2.61%  13.1 1595s
 641462 91206  422.82667   53   22  427.56377  416.43052  2.60%  13.1 1600s
 643950 91497  422.58247   46   40  427.56377  416.48366  2.59%  13.1 1606s
 646001 91736  426.46453   51   31  427.56377  416.53070  2.58%  13.1 1610s
 647954 91976  426.95923   48   25  427.56377  416.57446  2.57%  13.1 1615s
 651236 92354     cutoff   45       427.56377  416.63677  2.56%  13.1 1621s
 653122 92514  422.25278   43   46  427.56377  416.67768  2.55%  13.1 1625s
 655215 92778  427.39887   56   29  427.56377  416.72475  2.54%  13.1 1630s
 657333 93037     cutoff   58       427.56377  416.76455  2.53%  13.1 1635s
 659458 93360  426.04374   48   32  427.56377  416.81134  2.51%  13.1 1640s
 661683 93605     cutoff   42       427.56377  416.85367  2.50%  13.1 1645s
 664104 93805     cutoff   50       427.56377  416.90021  2.49%  13.1 1651s
 665130 93990     cutoff   57       427.56377  416.91929  2.49%  13.1 1656s
 667346 94240  419.24092   47   54  427.56377  416.96233  2.48%  13.1 1660s
 669554 94518     cutoff   46       427.56377  417.00621  2.47%  13.1 1666s
 671629 94757  420.45033   44    8  427.56377  417.04718  2.46%  13.1 1670s
 673917 94930  422.70170   45   36  427.56377  417.08696  2.45%  13.1 1675s
 676440 95261  421.23048   47   26  427.56377  417.13969  2.44%  13.1 1681s
 678749 95471  422.39265   66   28  427.56377  417.18110  2.43%  13.0 1686s
 680765 95680     cutoff   53       427.56377  417.21962  2.42%  13.0 1691s
 683067 95890  425.52045   49    6  427.56377  417.25796  2.41%  13.0 1696s
 685309 96041     cutoff   57       427.56377  417.29564  2.40%  13.0 1701s
 687700 96268 infeasible   45       427.56377  417.33534  2.39%  13.0 1707s
 688877 96330  420.07632   42   44  427.56377  417.35919  2.39%  13.0 1710s
 691007 96527  427.39396   55   18  427.56377  417.39698  2.38%  13.0 1715s
 694295 96775  425.93506   50   18  427.56377  417.45177  2.37%  13.0 1721s
 696153 96943  424.94254   59   21  427.56377  417.48878  2.36%  13.0 1726s
 698493 97148  425.28287   54   18  427.56377  417.52827  2.35%  13.0 1732s
 700671 97264  420.33326   47   28  427.56377  417.57047  2.34%  13.0 1737s
 702907 97409     cutoff   56       427.56377  417.61158  2.33%  13.0 1740s
 705305 97725  422.52647   51   16  427.56377  417.64900  2.32%  13.0 1747s
 706556 97837  423.52732   47   41  427.56377  417.66990  2.31%  13.0 1750s
 708974 98000  420.10045   56   20  427.56377  417.71305  2.30%  13.0 1756s
 711172 98147  423.52096   50   43  427.56377  417.75078  2.30%  13.0 1761s
 713338 98322     cutoff   74       427.56377  417.78536  2.29%  13.0 1766s
 715792 98404     cutoff   41       427.56377  417.82679  2.28%  13.0 1772s
 716960 98531     cutoff   48       427.56377  417.84491  2.27%  13.0 1775s
 719280 98668  418.39851   46   30  427.56377  417.88674  2.26%  13.0 1780s
 721490 98739  426.27876   42   18  427.56377  417.92655  2.25%  13.0 1786s
 723844 98854     cutoff   46       427.56377  417.96705  2.24%  13.0 1792s
 725168 98887  419.97362   44   28  427.56377  417.98679  2.24%  13.0 1795s
 727421 98988     cutoff   58       427.56377  418.02667  2.23%  13.0 1801s
 728553 99051  424.58825   42   22  427.56377  418.04651  2.23%  13.0 1805s
 730745 99170  422.49446   50   29  427.56377  418.07229  2.22%  13.0 1810s
 732996 99292     cutoff   47       427.56377  418.12639  2.21%  12.9 1816s
 735117 99331  427.13037   46   28  427.56377  418.16454  2.20%  12.9 1822s
 736383 99378  422.70901   41   46  427.56377  418.18205  2.19%  12.9 1825s
 738545 99442  421.03589   42   32  427.56377  418.22506  2.18%  12.9 1830s
 741039 99532     cutoff   52       427.56377  418.26644  2.17%  12.9 1835s
 743119 99580  425.76318   55   41  427.56377  418.30716  2.16%  12.9 1841s
 745424 99641  425.77712   46   22  427.56377  418.34332  2.16%  12.9 1847s
 747635 99663  426.07780   43   12  427.56377  418.38259  2.15%  12.9 1853s
 748821 99698  424.58552   43   14  427.56377  418.40415  2.14%  12.9 1856s
 751060 99763  421.44994   51   35  427.56377  418.44837  2.13%  12.9 1861s
 753495 99831     cutoff   42       427.56377  418.48546  2.12%  12.9 1866s
 755486 99896  423.15569   44   33  427.56377  418.52181  2.11%  12.9 1870s
 757931 99902  426.47397   52   20  427.56377  418.56593  2.10%  12.9 1875s
 760220 99884  425.68548   49   28  427.56377  418.60572  2.10%  12.9 1881s
 762723 99916  425.35685   59   18  427.56377  418.63386  2.09%  12.9 1888s
 763756 99919  425.87995   49   47  427.56377  418.66365  2.08%  12.9 1891s
 766121 99970  425.44585   45   46  427.56377  418.69676  2.07%  12.9 1896s
 768523 100000  423.26404   47   29  427.56377  418.74312  2.06%  12.9 1901s
 769744 100055 infeasible   51       427.56377  418.75688  2.06%  12.9 1905s
 772152 99986  425.22208   41   30  427.56377  418.79687  2.05%  12.9 1910s
 774810 100014     cutoff   48       427.56377  418.83358  2.04%  12.9 1916s
 777149 100014  424.31031   51   33  427.56377  418.87266  2.03%  12.9 1921s
 779691 100025  427.20014   44   32  427.56377  418.90650  2.02%  12.9 1926s
 781995 99949     cutoff   42       427.56377  418.94546  2.02%  12.9 1932s
 783391 99905     cutoff   44       427.56377  418.97031  2.01%  12.9 1935s
 785526 99856  427.53162   57   37  427.56377  419.00538  2.00%  12.9 1941s
 786771 99813  420.01690   49   38  427.56377  419.02837  2.00%  12.9 1945s
 789463 99791     cutoff   55       427.56377  419.06897  1.99%  12.9 1951s
 790463 99760 infeasible   49       427.56377  419.08595  1.98%  12.9 1955s
 793209 99749  419.14606   53   20  427.56377  419.13055  1.97%  12.9 1961s
 794319 99673  426.82083   45   25  427.56377  419.14869  1.97%  12.9 1965s
 797042 99625     cutoff   53       427.56377  419.19218  1.96%  12.9 1971s
 799518 99570  425.89870   49   29  427.56377  419.23006  1.95%  12.9 1978s
 800765 99551  425.37788   49   33  427.56377  419.24912  1.94%  12.9 1980s
 803161 99450  423.94846   46   47  427.56377  419.28383  1.94%  12.9 1987s
 804517 99459     cutoff   65       427.56377  419.30718  1.93%  12.9 1990s
 807117 99434     cutoff   52       427.56377  419.35677  1.92%  12.8 1997s
 808316 99422  422.71518   39   35  427.56377  419.37812  1.91%  12.8 2000s
 811088 99376  420.14278   50   17  427.56377  419.41693  1.91%  12.8 2007s
 812233 99343     cutoff   47       427.56377  419.43094  1.90%  12.8 2010s
 814553 99240     cutoff   55       427.56377  419.47283  1.89%  12.8 2016s
 815869 99205  421.65405   46   29  427.56377  419.48978  1.89%  12.8 2020s
 818450 99142     cutoff   54       427.56377  419.52242  1.88%  12.8 2026s
 819817 99104     cutoff   43       427.56377  419.55016  1.87%  12.8 2030s
 822277 98904  427.23842   44   29  427.56377  419.58757  1.87%  12.8 2035s
 824785 98719  423.75736   53   21  427.56377  419.63185  1.86%  12.8 2041s
 827050 98535  426.84983   48   34  427.56377  419.67170  1.85%  12.8 2048s
 828260 98486  427.05409   50   22  427.56377  419.69295  1.84%  12.8 2051s
 830987 98252  426.94211   48   23  427.56377  419.73224  1.83%  12.8 2058s
 832338 98188  426.31573   52    8  427.56377  419.75661  1.83%  12.8 2061s
 833533 98046  425.75696   61   30  427.56377  419.77203  1.82%  12.8 2065s
 836217 97878     cutoff   53       427.56377  419.81082  1.81%  12.8 2071s
 838063 97658  423.74800   60   16  427.56377  419.84540  1.81%  12.8 2077s
 839525 97568     cutoff   67       427.56377  419.86705  1.80%  12.8 2081s
 841369 97414  422.40415   41   23  427.56377  419.88745  1.80%  12.8 2085s
 843422 97137     cutoff   47       427.56377  419.93315  1.78%  12.8 2091s
 845824 97054     cutoff   45       427.56377  419.96838  1.78%  12.8 2095s
 847306 96774  423.56909   54   32  427.56377  419.99003  1.77%  12.8 2102s
 848674 96644  426.42353   57   14  427.56377  420.01361  1.77%  12.8 2105s
 851258 96347     cutoff   70       427.56377  420.05436  1.76%  12.8 2112s
 852578 96271     cutoff   42       427.56377  420.08037  1.75%  12.8 2115s
 855018 95997     cutoff   63       427.56377  420.11835  1.74%  12.8 2122s
 856451 95864  422.32114   46   27  427.56377  420.13749  1.74%  12.8 2125s
 858964 95593     cutoff   59       427.56377  420.17624  1.73%  12.8 2132s
 860316 95465  422.93629   52   16  427.56377  420.20424  1.72%  12.8 2136s
 862781 95151     cutoff   45       427.56377  420.24267  1.71%  12.8 2142s
 864101 94965     cutoff   48       427.56377  420.26560  1.71%  12.8 2146s
 865284 94801     cutoff   56       427.56377  420.28602  1.70%  12.8 2150s
 866560 94638  424.00529   70   32  427.56377  420.30778  1.70%  12.8 2157s
 867799 94496 infeasible   52       427.56377  420.32965  1.69%  12.8 2160s
 870255 94155  425.79469   41   19  427.56377  420.37316  1.68%  12.8 2168s
 871416 93987  423.46710   47   23  427.56377  420.39038  1.68%  12.8 2171s
 872793 93804     cutoff   54       427.56377  420.41275  1.67%  12.8 2176s
 874735 93640  423.68393   37   39  427.56377  420.43844  1.67%  12.8 2180s
 876962 93195  423.59773   41   24  427.56377  420.48129  1.66%  12.8 2188s
 878391 92992     cutoff   45       427.56377  420.50626  1.65%  12.8 2191s
 879616 92768  424.81583   54   20  427.56377  420.52854  1.65%  12.8 2195s
 882376 92414  423.89778   52   22  427.56377  420.57419  1.63%  12.8 2203s
 883627 92164  423.57753   47   29  427.56377  420.59857  1.63%  12.8 2206s
 885001 91978  426.01804   51   51  427.56377  420.62097  1.62%  12.8 2210s
 886508 91783  425.42225   46   23  427.56377  420.65203  1.62%  12.8 2216s
 889265 91357     cutoff   47       427.56377  420.69823  1.61%  12.8 2224s
 890679 91091  426.52702   43   14  427.56377  420.72147  1.60%  12.8 2228s
 892044 90922     cutoff   50       427.56377  420.74943  1.59%  12.8 2231s
 893128 90689  421.77497   50   33  427.56377  420.76556  1.59%  12.8 2235s
 895848 90232  427.12400   49   31  427.56377  420.81498  1.58%  12.8 2242s
 897251 90015     cutoff   56       427.56377  420.83921  1.57%  12.8 2245s
 899713 89610     cutoff   46       427.56377  420.88464  1.56%  12.8 2253s
 901162 89377     cutoff   57       427.56377  420.91188  1.56%  12.8 2256s
 902430 89098     cutoff   59       427.56377  420.93362  1.55%  12.8 2262s
 903978 88869     cutoff   53       427.56377  420.95742  1.55%  12.8 2265s
 906496 88373     cutoff   46       427.56377  420.99996  1.54%  12.8 2274s
 907935 88091 infeasible   62       427.56377  421.02017  1.53%  12.7 2278s
 909409 87830     cutoff   48       427.56377  421.04452  1.52%  12.7 2282s
 910681 87507  425.79146   43   36  427.56377  421.06795  1.52%  12.7 2286s
 912027 87227  422.71934   49   37  427.56377  421.08883  1.51%  12.7 2290s
 914875 86696     cutoff   58       427.56377  421.14484  1.50%  12.7 2298s
 916055 86428     cutoff   56       427.56377  421.16330  1.50%  12.7 2302s
 917593 86145     cutoff   51       427.56377  421.18940  1.49%  12.7 2307s
 918968 85813  424.55529   44   26  427.56377  421.21585  1.48%  12.7 2311s
 920537 85444     cutoff   43       427.56377  421.24607  1.48%  12.7 2316s
 922054 85084  421.39735   43   25  427.56377  421.26987  1.47%  12.7 2320s
 923426 84700     cutoff   42       427.56377  421.29495  1.47%  12.7 2325s
 926439 84124  424.54516   47   14  427.56377  421.35302  1.45%  12.7 2333s
 927710 83791  425.34507   49   31  427.56377  421.37879  1.45%  12.7 2337s
 929186 83544  427.44339   49   22  427.56377  421.40563  1.44%  12.7 2341s
 930524 83151     cutoff   45       427.56377  421.43050  1.43%  12.7 2346s
 932054 82802     cutoff   45       427.56377  421.45674  1.43%  12.7 2350s
 933550 82477     cutoff   46       427.56377  421.48636  1.42%  12.7 2355s
 936371 81795     cutoff   47       427.56377  421.54288  1.41%  12.7 2363s
 937685 81398  424.94452   56   15  427.56377  421.56458  1.40%  12.7 2367s
 939069 80997  422.63783   44   28  427.56377  421.58426  1.40%  12.7 2371s
 940503 80689  425.93465   48   16  427.56377  421.62475  1.39%  12.7 2378s
 942092 80474     cutoff   62       427.56377  421.64684  1.38%  12.7 2381s
 943067 80064     cutoff   48       427.56377  421.66526  1.38%  12.7 2386s
 944670 79721     cutoff   42       427.56377  421.69427  1.37%  12.7 2390s
 946168 79337  422.46925   44   34  427.56377  421.72427  1.37%  12.7 2396s
 947824 78975     cutoff   49       427.56377  421.75708  1.36%  12.7 2400s
 949243 78563     cutoff   56       427.56377  421.78213  1.35%  12.7 2405s
 950925 78175     cutoff   66       427.56377  421.81613  1.34%  12.7 2410s
 952565 77790     cutoff   51       427.56377  421.84159  1.34%  12.7 2415s
 954135 77364  424.65421   45   30  427.56377  421.87149  1.33%  12.7 2420s
 955735 76966     cutoff   53       427.56377  421.89989  1.32%  12.7 2425s
 957247 76641  426.66858   47   14  427.56377  421.92625  1.32%  12.7 2430s
 958486 76216  425.62243   51   21  427.56377  421.94646  1.31%  12.7 2435s
 960724 75795  425.14982   50   20  427.56377  421.97990  1.31%  12.7 2440s
 961653 75354  423.13245   53   21  427.56377  422.01092  1.30%  12.7 2445s
 963323 74886  427.34035   48   27  427.56377  422.03908  1.29%  12.7 2451s
 964981 74429     cutoff   49       427.56377  422.06822  1.29%  12.7 2455s
 966434 73980  426.84102   45   26  427.56377  422.10072  1.28%  12.7 2460s
 969382 73071  425.53861   50   20  427.56377  422.15926  1.26%  12.7 2470s
 972498 72157 infeasible   55       427.56377  422.22143  1.25%  12.7 2479s
 974133 71670     cutoff   46       427.56377  422.25099  1.24%  12.7 2484s
 975669 71139     cutoff   61       427.56377  422.27961  1.24%  12.7 2489s
 977319 70770     cutoff   43       427.56377  422.28503  1.23%  12.7 2492s
 978363 70192  424.21777   53   23  427.56377  422.33657  1.22%  12.7 2497s
 980074 69706     cutoff   49       427.56377  422.36820  1.22%  12.7 2502s
 981479 69265 infeasible   50       427.56377  422.40063  1.21%  12.7 2506s
 982831 68791     cutoff   53       427.56377  422.43244  1.20%  12.7 2510s
 984239 68196     cutoff   53       427.56377  422.45965  1.19%  12.7 2515s
 985986 67692 infeasible   43       427.56377  422.49299  1.19%  12.7 2520s
 987485 67140     cutoff   52       427.56377  422.52125  1.18%  12.7 2525s
 989079 66625     cutoff   53       427.56377  422.55807  1.17%  12.7 2530s
 991935 65753     cutoff   54       427.56377  422.59955  1.16%  12.7 2539s
 993395 65261     cutoff   43       427.56377  422.63861  1.15%  12.7 2543s
 994743 64728     cutoff   46       427.56377  422.66867  1.14%  12.7 2549s
 996530 64163     cutoff   51       427.56377  422.70168  1.14%  12.7 2554s
 998085 63614     cutoff   51       427.56377  422.72903  1.13%  12.7 2559s
 999716 62994     cutoff   50       427.56377  422.76528  1.12%  12.7 2564s
 1001270 62310  425.88137   59   32  427.56377  422.80294  1.11%  12.7 2570s
 1003007 61751     cutoff   47       427.56377  422.84289  1.10%  12.7 2575s
 1004645 61104     cutoff   50       427.56377  422.87436  1.10%  12.7 2581s
 1006396 60492  426.11347   41   36  427.56377  422.90902  1.09%  12.7 2586s
 1007898 59941  426.78514   60   21  427.56377  422.94384  1.08%  12.7 2591s
 1009423 59270  424.39113   52   12  427.56377  422.97956  1.07%  12.7 2597s
 1011220 58623     cutoff   53       427.56377  423.01530  1.06%  12.7 2601s
 1012749 57954  425.37964   58   22  427.56377  423.05339  1.05%  12.7 2607s
 1014477 57282     cutoff   46       427.56377  423.09209  1.05%  12.7 2612s
 1016163 56543  425.87605   52   26  427.56377  423.12973  1.04%  12.7 2617s
 1018000 55885  424.66314   50   18  427.56377  423.17045  1.03%  12.7 2622s
 1019546 55198     cutoff   47       427.56377  423.20207  1.02%  12.7 2627s
 1021103 54638     cutoff   51       427.56377  423.24275  1.01%  12.7 2631s
 1022479 53941     cutoff   49       427.56377  423.27615  1.00%  12.7 2637s
 1024301 53261     cutoff   43       427.56377  423.31459  0.99%  12.7 2641s
 1025844 52474     cutoff   51       427.56377  423.35475  0.98%  12.7 2647s
 1027563 51818     cutoff   46       427.56377  423.39635  0.97%  12.7 2652s
 1029224 51038     cutoff   48       427.56377  423.43375  0.97%  12.7 2657s
 1030967 50311     cutoff   41       427.56377  423.47501  0.96%  12.7 2662s
 1032618 49533  426.00660   46   26  427.56377  423.51121  0.95%  12.6 2667s
 1034304 49213  424.54665   51   39  427.56377  423.55289  0.94%  12.6 2670s
 1035092 48452     cutoff   48       427.56377  423.57222  0.93%  12.6 2675s
 1038003 47204     cutoff   62       427.56377  423.64471  0.92%  12.6 2684s
 1039688 46411  425.40816   47   44  427.56377  423.68901  0.91%  12.6 2689s
 1041399 45585     cutoff   48       427.56377  423.72646  0.90%  12.6 2694s
 1042286 45586     cutoff   64       427.56377  423.72810  0.90%  12.6 2695s
 1044094 44570     cutoff   47       427.56377  423.78818  0.88%  12.6 2702s
 1045421 44008     cutoff   49       427.56377  423.82500  0.87%  12.6 2706s
 1046679 43234     cutoff   48       427.56377  423.86036  0.87%  12.6 2711s
 1048358 42393     cutoff   49       427.56377  423.90752  0.86%  12.6 2716s
 1050012 41560     cutoff   57       427.56377  423.94966  0.85%  12.6 2721s
 1051715 40668     cutoff   47       427.56377  423.99832  0.83%  12.6 2726s
 1053352 39853     cutoff   49       427.56377  424.04058  0.82%  12.6 2731s
 1054964 38986  426.23711   50   31  427.56377  424.08218  0.81%  12.6 2736s
 1056604 38194  426.80623   42   25  427.56377  424.13571  0.80%  12.6 2741s
 1058157 37433     cutoff   54       427.56377  424.17971  0.79%  12.6 2745s
 1060700 35932  426.68062   60   34  427.56377  424.26377  0.77%  12.6 2753s
 1062479 35202     cutoff   54       427.56377  424.31046  0.76%  12.6 2757s
 1063854 34288     cutoff   52       427.56377  424.35292  0.75%  12.6 2761s
 1065445 33403     cutoff   45       427.56377  424.40441  0.74%  12.6 2766s
 1067020 32456 infeasible   56       427.56377  424.46064  0.73%  12.6 2770s
 1068559 31489     cutoff   55       427.56377  424.51174  0.71%  12.6 2775s
 1071431 29887 infeasible   40       427.56377  424.60962  0.69%  12.6 2783s
 1072891 29132  424.76214   50    6  427.56377  424.66295  0.68%  12.6 2787s
 1074237 28636     cutoff   52       427.56377  424.71065  0.67%  12.6 2790s
 1076620 27079 infeasible   43       427.56377  424.79516  0.65%  12.6 2796s
 1078608 25518     cutoff   48       427.56377  424.87814  0.63%  12.6 2803s
 1080154 24638     cutoff   51       427.56377  424.94049  0.61%  12.6 2807s
 1082505 23165  427.43309   42   26  427.56377  425.03189  0.59%  12.6 2813s
 1084029 22136     cutoff   47       427.56377  425.08943  0.58%  12.6 2817s
 1085507 21185     cutoff   46       427.56377  425.15983  0.56%  12.6 2821s
 1088173 19479  427.32004   48    6  427.56377  425.27787  0.53%  12.6 2827s
 1089532 18815 infeasible   43       427.56377  425.35070  0.52%  12.6 2830s
 1092005 16877     cutoff   44       427.56377  425.46455  0.49%  12.6 2837s
 1093364 15800     cutoff   51       427.56377  425.53619  0.47%  12.6 2840s
 1096112 14208     cutoff   51       427.56377  425.66639  0.44%  12.5 2847s
 1097273 13171     cutoff   47       427.56377  425.74230  0.43%  12.5 2850s
 1100556 10814     cutoff   53       427.56377  425.94580  0.38%  12.5 2857s
 1101805 10011  426.13100   50   40  427.56377  426.03455  0.36%  12.5 2860s
 1103986  8060     cutoff   44       427.56377  426.20540  0.32%  12.5 2867s
 1105231  6996     cutoff   48       427.56377  426.30746  0.29%  12.5 2870s
 1107739  4953     cutoff   44       427.56377  426.54580  0.24%  12.5 2875s
 1110184  2771     cutoff   52       427.56377  426.82398  0.17%  12.5 2881s
 1112444   713     cutoff   44       427.56377  427.15786  0.09%  12.5 2885s

Cutting planes:
  Gomory: 7
  Flow cover: 1
  Inf proof: 1
  Zero half: 2
  Lazy constraints: 2003

Explored 1114326 nodes (13905294 simplex iterations) in 2887.00 seconds (1867.96 work units)
Thread count was 8 (of 16 available processors)

Solution count 3: 427.564 427.684 428.526 

Optimal solution found (tolerance 1.00e-04)
Best objective 4.275637664265e+02, best bound 4.275637664265e+02, gap 0.0000%

User-callback calls 2295074, time in user-callback 727.08 sec
### START EXACT APPROACH ###
ProblemVariant: 1
### START PREPROCESSING ###
## Start infeasible path procedure ## 
Deleted arcs: 3
Infeasible tail paths: 9
Infeasible 2-node combinations: 1
## Start extended infeasible path procedure ##
Deleted arcs: 3
Infeasible tail paths: 9
Infeasible 2-node combinations: 1
## Start start solution procedure ##
### END PREPROCESSING ###
Route 0 0-6-1-2-7-5-9-0 : weight util 0.933333 | volume util 0.675956 | infeasible with packing heuristic | feasible with CP model
Route 1 0-10-8-3-4-0 : weight util 0.483333 | volume util 0.617800 | infeasible with packing heuristic | feasible with CP model
Route 2 0-12-15-18-20-17-0 : weight util 0.983333 | volume util 0.726644 | infeasible with packing heuristic | feasible with CP model
Route 3 0-13-11-0 : weight util 0.416667 | volume util 0.277289 | infeasible with packing heuristic | feasible with CP model
Route 4 0-16-19-21-14-0 : weight util 0.933333 | volume util 0.637111 | infeasible with packing heuristic | feasible with CP model
