
Gurobi 10.0.0 (win64, C++) logging started Sun Nov 19 15:47:49 2023

Set parameter TokenServer to value "141.30.89.215"
Warning: Gurobi version mismatch between C++ 10.0.3 and C library 10.0.0
Set parameter Threads to value 8
Set parameter LazyConstraints to value 1
Set parameter PreCrush to value 1
Set parameter TimeLimit to value 28800
Set parameter SolutionLimit to value 10000
Gurobi Optimizer version 10.0.0 build v10.0.0rc2 (win64)

CPU model: AMD EPYC 7513 32-Core Processor, instruction set [SSE2|AVX|AVX2]
Thread count: 16 physical cores, 16 logical processors, using up to 8 threads

Optimize a model with 232 rows, 441 columns and 1260 nonzeros
Model fingerprint: 0x60faf2ab
Variable types: 0 continuous, 441 integer (441 binary)
Coefficient statistics:
  Matrix range     [1e+00, 1e+00]
  Objective range  [6e+00, 6e+01]
  Bounds range     [1e+00, 1e+00]
  RHS range        [1e+00, 4e+00]
Presolve removed 2 rows and 23 columns
Presolve time: 0.00s
Presolved: 230 rows, 418 columns, 1194 nonzeros
Variable types: 0 continuous, 418 integer (418 binary)

Root relaxation: objective 2.923362e+02, 68 iterations, 0.00 seconds (0.00 work units)

    Nodes    |    Current Node    |     Objective Bounds      |     Work
 Expl Unexpl |  Obj  Depth IntInf | Incumbent    BestBd   Gap | It/Node Time

     0     0  292.33623    0    -          -  292.33623      -     -    0s
     0     0  307.94455    0    -          -  307.94455      -     -    0s
     0     0  319.25762    0    -          -  319.25762      -     -    0s
     0     0  320.93098    0    -          -  320.93098      -     -    0s
     0     0  321.37940    0   26          -  321.37940      -     -    0s
     0     0  324.60092    0   38          -  324.60092      -     -    0s
     0     0  325.46115    0   21          -  325.46115      -     -    0s
     0     0  325.72071    0   39          -  325.72071      -     -    0s
     0     0  325.72071    0   24          -  325.72071      -     -    0s
     0     2  325.72071    0   24          -  325.72071      -     -    0s
   966   953  355.73386   26   17          -  330.37702      -   9.0    6s
  1533  1300  510.87116   66   49          -  335.69812      -   9.1   10s
  2176  1695  389.61686   51   32          -  339.44929      -  10.3   15s
  3222  2202  391.28350   60   22          -  339.44929      -  10.2   20s
  4284  2800  427.96765   79   21          -  341.88727      -  10.4   25s
  5145  3212  349.02440   20   56          -  344.53909      -  10.5   30s
  6152  3849  415.13620   48    -          -  345.30788      -  10.4   36s
  6731  4437  378.66316   59    -          -  345.69892      -  10.6   40s
  7511  5089  378.90893   58   34          -  345.69892      -  10.6   45s
  8920  6254  363.70647   25   31          -  347.09748      -  10.5   51s
 10033  7236  376.63149   45   42          -  347.59315      -  10.6   56s
 10943  8010  412.00341   36    -          -  347.97259      -  10.6   60s
 12217  9018  390.67494   44    -          -  348.50821      -  10.7   66s
 13024  9693  358.71017   27   40          -  348.60718      -  10.7   70s
 14331 10727  409.33125   77   22          -  348.81268      -  10.8   76s
 14923 11146  420.18180   52   10          -  349.35531      -  10.8   80s
 15924 12072  354.10749   23   27          -  349.65600      -  10.8   86s
 17036 12915  404.52399   30   14          -  350.19098      -  10.9   90s
 18225 14038  363.34863   33   29          -  350.41830      -  11.0   96s
 19213 14684  359.84958   21   47          -  350.61175      -  11.0  100s
 20168 15475  380.10130   32   26          -  350.81442      -  11.1  105s
 21326 16554  387.52477   30    -          -  351.14643      -  11.2  111s
 22420 17527  396.08099   46   23          -  351.34162      -  11.2  117s
 23378 18259  366.62661   17   31          -  351.58202      -  11.2  121s
*24199 17287              60     423.2256181  351.65779  16.9%  11.2  124s
 24393 17311  397.37505   35   21  423.22562  351.69014  16.9%  11.2  125s
H25438 16668                     413.0404904  351.95176  14.8%  11.2  130s
 27752 18697  371.12343   25   37  413.04049  352.65586  14.6%  11.3  138s
 28326 18761  371.03519   31   44  413.04049  352.84275  14.6%  11.2  140s
 29770 20119  407.56893   43   31  413.04049  353.16109  14.5%  11.2  145s
 31320 21081  384.98007   25   30  413.04049  353.49738  14.4%  11.2  151s
 32519 21864  368.41742   25   35  413.04049  353.69138  14.4%  11.2  157s
 33711 22677  393.03654   31   18  413.04049  354.05319  14.3%  11.2  160s
 35520 23958  397.30429   44   15  413.04049  354.45651  14.2%  11.2  165s
 37346 25190  379.42781   24   36  413.04049  354.85746  14.1%  11.1  170s
 38657 25976  357.21749   27   37  413.04049  355.10193  14.0%  11.2  175s
 40368 27117  396.03468   38   35  413.04049  355.37747  14.0%  11.2  180s
 42555 28595  399.75084   42   36  413.04049  355.70032  13.9%  11.2  185s
 44523 29654  365.93002   24   42  413.04049  355.88959  13.8%  11.3  190s
 46691 31472  368.45410   29   27  413.04049  356.23344  13.8%  11.3  196s
 48566 32633  388.49434   26   24  413.04049  356.49668  13.7%  11.3  201s
 49917 33348  408.58253   29   16  413.04049  356.66287  13.6%  11.3  205s
 51106 34277  388.59649   33   35  413.04049  356.75125  13.6%  11.3  210s
 53172 35566  398.11138   35    -  413.04049  356.97680  13.6%  11.4  215s
 53753 35604  372.56502   28   24  413.04049  357.03537  13.6%  11.4  238s
 53758 35607  404.94866   58   65  413.04049  357.03537  13.6%  11.4  240s
H53796 33859                     410.5677143  357.03537  13.0%  11.4  242s
H53837 32193                     410.4338577  357.03537  13.0%  11.4  243s
 53906 32246  357.44953   34   44  410.43386  357.03537  13.0%  11.4  245s
 54910 32705  361.69508   37   37  410.43386  357.03537  13.0%  11.5  250s
 56914 33828  371.90467   40   37  410.43386  357.03537  13.0%  11.6  255s
*58913 32701              50     407.7292255  357.03537  12.4%  11.6  259s
 59314 33024  384.21082   48   18  407.72923  357.03537  12.4%  11.6  260s
 61838 33890  396.83817   62    8  407.72923  357.03537  12.4%  11.7  265s
 64891 34778     cutoff   47       407.72923  357.03537  12.4%  11.7  271s
H65131 31052                     393.7963465  357.03537  9.34%  11.7  271s
 67819 31743  373.57126   36   37  393.79635  357.03537  9.34%  11.8  275s
 70814 32687  387.72466   37   40  393.79635  357.03537  9.34%  12.0  280s
 73989 33787  392.91703   49   20  393.79635  357.03537  9.34%  12.1  285s
 78311 34655     cutoff   45       393.79635  357.03537  9.34%  12.1  290s
 80222 35141  360.16226   33   32  393.79635  357.03537  9.34%  12.2  295s
 84024 35463 infeasible   47       393.79635  357.03537  9.34%  12.3  300s
H85426 32322                     389.0049557  357.20607  8.17%  12.3  302s
H86017 30443                     388.0919395  357.31243  7.93%  12.3  304s
 86385 30817     cutoff   45       388.09194  357.35460  7.92%  12.3  305s
 90251 31081  364.77103   41   44  388.09194  358.26542  7.69%  12.4  311s
 94023 31223  382.97952   40   23  388.09194  358.88368  7.53%  12.4  315s
 97428 31604  376.64034   43   28  388.09194  359.48389  7.37%  12.5  320s
 101051 31925  379.56971   43   46  388.09194  360.03105  7.23%  12.5  325s
 104576 32127  385.07918   49   38  388.09194  360.45108  7.12%  12.6  331s
 107207 32257  383.66259   50   26  388.09194  360.79319  7.03%  12.6  335s
 110340 32324  383.95598   46   21  388.09194  361.12372  6.95%  12.7  340s
 113437 32398  383.19878   40   25  388.09194  361.53198  6.84%  12.7  345s
 116716 32530     cutoff   41       388.09194  361.84724  6.76%  12.8  350s
 120256 32302     cutoff   35       388.09194  362.16520  6.68%  12.8  355s
 122904 32651     cutoff   45       388.09194  362.47562  6.60%  12.8  360s
 126532 32749  381.99419   44   26  388.09194  362.84468  6.51%  12.8  365s
 130060 32845  382.13053   39   24  388.09194  363.12925  6.43%  12.8  370s
 133290 33312  376.64703   45   18  388.09194  363.40323  6.36%  12.9  375s
 136424 34487  375.28314   40   49  388.09194  363.66096  6.30%  12.9  380s
 139883 35619  377.63839   45   18  388.09194  363.96256  6.22%  12.9  386s
*141788 35525              52     387.4040771  364.07651  6.02%  12.9  389s
 142576 35746  379.23569   39   35  387.40408  364.15273  6.00%  12.9  390s
 145374 36776  367.38826   38   31  387.40408  364.36206  5.95%  12.9  395s
 149607 38128  386.32154   49   31  387.40408  364.64189  5.88%  12.9  401s
 152906 39009     cutoff   45       387.40408  364.88730  5.81%  12.9  406s
 155382 39763  378.89689   36   29  387.40408  365.04351  5.77%  12.9  410s
 158830 40736     cutoff   44       387.40408  365.25974  5.72%  13.0  415s
 162119 41579  382.19209   41   39  387.40408  365.45392  5.67%  13.0  420s
 165550 42548  378.40962   44   20  387.40408  365.61722  5.62%  13.0  425s
 168908 43476  378.32841   50   41  387.40408  365.83420  5.57%  13.0  430s
 170914 43918  377.29829   44   20  387.40408  365.94943  5.54%  13.0  435s
 173872 44914  381.90920   39   37  387.40408  366.12100  5.49%  13.0  440s
 177038 45843  377.66411   42   18  387.40408  366.30374  5.45%  13.0  445s
 180291 46680  375.36449   39   29  387.40408  366.48208  5.40%  13.0  451s
 182888 47359     cutoff   40       387.40408  366.59921  5.37%  13.0  456s
 185328 48032  375.01380   51   27  387.40408  366.72772  5.34%  13.1  461s
 187691 48642  375.58800   47   25  387.40408  366.84707  5.31%  13.1  465s
 190929 49489  379.76599   46   12  387.40408  366.98995  5.27%  13.1  471s
 193433 50139  386.92935   45   30  387.40408  367.13422  5.23%  13.1  475s
 195931 50739  378.46471   43   41  387.40408  367.26780  5.20%  13.1  480s
 199089 51610  376.30654   45   33  387.40408  367.42000  5.16%  13.1  485s
 202341 52386  384.25553   43   27  387.40408  367.55434  5.12%  13.1  491s
 204839 53040     cutoff   43       387.40408  367.65815  5.10%  13.1  495s
 208061 53837  378.26839   39   36  387.40408  367.80456  5.06%  13.1  501s
 210571 54443  381.31301   47   16  387.40408  367.90745  5.03%  13.1  505s
 213627 55164  372.65692   41   16  387.40408  368.04122  5.00%  13.1  511s
 216169 55778  386.78770   50   28  387.40408  368.14936  4.97%  13.1  515s
 218658 56258  381.89732   54   28  387.40408  368.25953  4.94%  13.1  520s
 222000 57011     cutoff   53       387.40408  368.39368  4.91%  13.1  526s
 224531 57529  383.61195   44   26  387.40408  368.50111  4.88%  13.1  530s
 227588 58218  378.91733   44   28  387.40408  368.62837  4.85%  13.1  536s
 230034 58825  375.40025   44   37  387.40408  368.71378  4.82%  13.1  540s
 232525 59412  382.38949   40   16  387.40408  368.80508  4.80%  13.1  545s
 235940 60118     cutoff   48       387.40408  368.92668  4.77%  13.1  551s
 238519 60614  382.23599   40   17  387.40408  369.00928  4.75%  13.1  555s
 240975 61037  384.11115   47   12  387.40408  369.10616  4.72%  13.1  561s
 243511 61645  384.36609   40   30  387.40408  369.19502  4.70%  13.1  566s
 245975 62146  384.82075   43   45  387.40408  369.29219  4.68%  13.1  571s
 248178 62569  382.94734   36   29  387.40408  369.38241  4.65%  13.1  575s
 250656 63085  385.35749   41   31  387.40408  369.47748  4.63%  13.2  580s
 254044 63787     cutoff   48       387.40408  369.58538  4.60%  13.1  586s
 256488 64312  381.58670   43   18  387.40408  369.67395  4.58%  13.1  591s
 258903 64816  387.21331   47   39  387.40408  369.74805  4.56%  13.1  596s
 261579 65273  381.82258   44   20  387.40408  369.85095  4.53%  13.1  601s
 264155 65792  385.59037   48   37  387.40408  369.92760  4.51%  13.1  606s
 266724 66310  383.57957   56   27  387.40408  370.00102  4.49%  13.1  611s
 269279 66755  380.17329   46   31  387.40408  370.07108  4.47%  13.1  617s
 270214 67105     cutoff   53       387.40408  370.09303  4.47%  13.1  621s
 272680 67538  384.84477   46   41  387.40408  370.17001  4.45%  13.2  626s
 275225 68008  382.36995   42   34  387.40408  370.25033  4.43%  13.2  631s
 277803 68551  384.09147   41   20  387.40408  370.32450  4.41%  13.1  636s
 279851 68883  380.33025   46   31  387.40408  370.38420  4.39%  13.1  641s
 282493 69353  378.46688   42   33  387.40408  370.47033  4.37%  13.1  646s
 284257 69606  381.09063   43   46  387.40408  370.52999  4.36%  13.1  650s
 286603 70063     cutoff   42       387.40408  370.60235  4.34%  13.1  655s
 289224 70488  380.66510   42   12  387.40408  370.68868  4.31%  13.1  660s
 291945 71031  381.65936   45   38  387.40408  370.75665  4.30%  13.1  665s
 294602 71441     cutoff   60       387.40408  370.83526  4.28%  13.1  671s
 296387 71793  386.95781   51   33  387.40408  370.88084  4.27%  13.1  675s
 299130 72264     cutoff   41       387.40408  370.94280  4.25%  13.1  681s
 300970 72523     cutoff   44       387.40408  370.98774  4.24%  13.1  685s
 303743 73025     cutoff   44       387.40408  371.05058  4.22%  13.1  690s
 306471 73468  379.86372   47   39  387.40408  371.11355  4.21%  13.1  696s
 308312 73742  386.95626   38   27  387.40408  371.16309  4.19%  13.1  700s
 311001 74193  375.71555   43   27  387.40408  371.22764  4.18%  13.1  706s
 313662 74539  386.81790   41   14  387.40408  371.30220  4.16%  13.1  711s
 316227 74895  387.31053   52   43  387.40408  371.37215  4.14%  13.1  716s
 317938 75179  387.30615   39   32  387.40408  371.41632  4.13%  13.1  720s
 320523 75533  372.14437   42   31  387.40408  371.48578  4.11%  13.1  726s
 322318 75869  381.31296   54   42  387.40408  371.53874  4.10%  13.1  730s
 325030 76210  380.18316   53   27  387.40408  371.60577  4.08%  13.1  735s
 327440 76590 infeasible   41       387.40408  371.67564  4.06%  13.1  741s
 329134 76793  383.85695   53   26  387.40408  371.71389  4.05%  13.1  745s
 331955 77170  375.19876   42   39  387.40408  371.78010  4.03%  13.1  751s
 334633 77588     cutoff   46       387.40408  371.84884  4.02%  13.1  756s
 336496 77854  382.47046   43   34  387.40408  371.88624  4.01%  13.1  760s
*336740 73029              55     385.5316120  371.88780  3.54%  13.1  760s
 338879 73263  376.56401   41   31  385.53161  371.95530  3.52%  13.1  766s
 340662 73384  378.45234   51   14  385.53161  371.99377  3.51%  13.1  770s
 342800 73587  378.73606   42   28  385.53161  372.05241  3.50%  13.1  775s
 345902 73778     cutoff   44       385.53161  372.13876  3.47%  13.1  781s
 347979 73959     cutoff   41       385.53161  372.18927  3.46%  13.1  785s
 351096 74256  382.85161   39   12  385.53161  372.27287  3.44%  13.1  791s
 354269 74482  375.86344   43   22  385.53161  372.35603  3.42%  13.1  796s
 356374 74655     cutoff   52       385.53161  372.40970  3.40%  13.0  800s
 359365 74756  383.61797   56   48  385.53161  372.48989  3.38%  13.0  806s
 361346 74894     cutoff   45       385.53161  372.54833  3.37%  13.0  810s
 364341 75082  380.95023   52   27  385.53161  372.61819  3.35%  13.0  816s
 366316 75234  382.34812   47   31  385.53161  372.67668  3.33%  13.0  820s
 369426 75381     cutoff   48       385.53161  372.75709  3.31%  13.0  826s
 371577 75533  377.65971   36   45  385.53161  372.81937  3.30%  13.0  830s
 374713 75676     cutoff   49       385.53161  372.90066  3.28%  12.9  836s
 376763 75769  381.47418   41   37  385.53161  372.95649  3.26%  12.9  841s
 378820 75917  381.79224   45   16  385.53161  373.00263  3.25%  12.9  845s
 381927 76075  383.23477   52   26  385.53161  373.09077  3.23%  12.9  851s
 384024 76197  379.05102   41   25  385.53161  373.14836  3.21%  12.9  855s
 387079 76396  383.83369   40   32  385.53161  373.22064  3.19%  12.9  861s
 389079 76482     cutoff   43       385.53161  373.26879  3.18%  12.9  865s
 392060 76659  381.37029   44   33  385.53161  373.35733  3.16%  12.9  871s
 394171 76794     cutoff   47       385.53161  373.40596  3.15%  12.8  875s
 397544 76891  379.77138   43   45  385.53161  373.47695  3.13%  12.8  882s
 399370 77034  383.30387   42   31  385.53161  373.52159  3.12%  12.8  886s
 401529 77095     cutoff   55       385.53161  373.57079  3.10%  12.8  891s
 403535 77121     cutoff   42       385.53161  373.62117  3.09%  12.8  896s
 405615 77180  381.09751   39   33  385.53161  373.67075  3.08%  12.8  901s
 407503 77255  376.80078   48   21  385.53161  373.71235  3.07%  12.8  906s
 409637 77313  384.60628   47   14  385.53161  373.75826  3.05%  12.8  911s
 411529 77334     cutoff   42       385.53161  373.79775  3.04%  12.8  916s
 413575 77390  385.33083   42   29  385.53161  373.84909  3.03%  12.7  921s
 415662 77464     cutoff   51       385.53161  373.89741  3.02%  12.7  926s
 417759 77482     cutoff   49       385.53161  373.94774  3.00%  12.7  931s
 419874 77535  376.18393   39   30  385.53161  373.99904  2.99%  12.7  936s
 422036 77547     cutoff   46       385.53161  374.04207  2.98%  12.7  941s
 424001 77589     cutoff   45       385.53161  374.09378  2.97%  12.7  946s
 426329 77607     cutoff   42       385.53161  374.15212  2.95%  12.7  951s
 428442 77580     cutoff   51       385.53161  374.19146  2.94%  12.7  956s
 430588 77619  383.29829   42   16  385.53161  374.24563  2.93%  12.7  962s
 432692 77632  380.20382   46   30  385.53161  374.29272  2.92%  12.7  967s
 434863 77625  383.29817   48   35  385.53161  374.34145  2.90%  12.7  972s
 435891 77673  377.56010   41   27  385.53161  374.36837  2.90%  12.7  975s
 437881 77662  382.49102   40   18  385.53161  374.41489  2.88%  12.6  981s
 440018 77693  382.27035   41   24  385.53161  374.46576  2.87%  12.6  986s
 442184 77762  380.56837   51   29  385.53161  374.50629  2.86%  12.6  994s
 442347 77764     cutoff   44       385.53161  374.50729  2.86%  12.6  995s
 443876 77758  381.26382   52   31  385.53161  374.53945  2.85%  12.6 1000s
 446149 77771     cutoff   46       385.53161  374.58955  2.84%  12.6 1006s
 448037 77756  378.64512   36   27  385.53161  374.62801  2.83%  12.6 1011s
 450155 77748  380.00810   47   30  385.53161  374.67866  2.82%  12.6 1016s
 452264 77768  382.72451   46   23  385.53161  374.72592  2.80%  12.6 1022s
 454418 77755     cutoff   50       385.53161  374.77777  2.79%  12.6 1027s
 455472 77746     cutoff   40       385.53161  374.80211  2.78%  12.6 1030s
 457618 77736     cutoff   49       385.53161  374.84959  2.77%  12.6 1035s
 459782 77710  384.13478   46    8  385.53161  374.89053  2.76%  12.5 1041s
 461977 77677  385.21556   54   27  385.53161  374.94375  2.75%  12.5 1046s
 464227 77658     cutoff   52       385.53161  374.98916  2.73%  12.5 1053s
 465485 77620     cutoff   46       385.53161  375.01555  2.73%  12.5 1056s
 467753 77571  382.26753   53   41  385.53161  375.07281  2.71%  12.5 1061s
 470080 77591     cutoff   40       385.53161  375.12036  2.70%  12.5 1067s
 471218 77588  383.82418   40   17  385.53161  375.14396  2.69%  12.5 1070s
 473534 77572  382.91301   41   20  385.53161  375.19380  2.68%  12.5 1075s
 475726 77526  385.31376   45   35  385.53161  375.24251  2.67%  12.5 1081s
 477837 77511     cutoff   43       385.53161  375.28234  2.66%  12.5 1087s
 479034 77488  378.64120   37   26  385.53161  375.30700  2.65%  12.5 1090s
 481204 77420  378.47749   44   20  385.53161  375.36209  2.64%  12.5 1096s
 483422 77299     cutoff   37       385.53161  375.41199  2.62%  12.4 1102s
 484653 77279     cutoff   47       385.53161  375.43488  2.62%  12.4 1105s
 486872 77200  381.27549   49   32  385.53161  375.49164  2.60%  12.4 1110s
 489167 77082     cutoff   43       385.53161  375.54067  2.59%  12.4 1117s
 490855 77002  379.75487   40   32  385.53161  375.57278  2.58%  12.4 1122s
 492066 76959  383.94307   35   27  385.53161  375.59630  2.58%  12.4 1125s
 494532 76813  382.50802   52   31  385.53161  375.64422  2.56%  12.4 1132s
 495773 76756     cutoff   54       385.53161  375.67052  2.56%  12.4 1135s
 498138 76691     cutoff   43       385.53161  375.71813  2.55%  12.4 1141s
 500476 76613  384.95162   41   20  385.53161  375.77425  2.53%  12.4 1147s
 501603 76544     cutoff   44       385.53161  375.79487  2.53%  12.4 1150s
 503910 76445     cutoff   48       385.53161  375.84599  2.51%  12.4 1156s
 506036 76309  383.04760   50   22  385.53161  375.89067  2.50%  12.4 1162s
 507293 76241     cutoff   49       385.53161  375.91496  2.49%  12.4 1165s
 509637 76140     cutoff   47       385.53161  375.96560  2.48%  12.3 1171s
 511922 75951     cutoff   46       385.53161  376.01593  2.47%  12.3 1177s
 513053 75897     cutoff   46       385.53161  376.03789  2.46%  12.3 1181s
 515384 75743     cutoff   46       385.53161  376.09119  2.45%  12.3 1187s
 516667 75699  385.52762   48   16  385.53161  376.11283  2.44%  12.3 1190s
 519012 75545     cutoff   46       385.53161  376.15885  2.43%  12.3 1196s
 521338 75406  384.15204   47   30  385.53161  376.20827  2.42%  12.3 1203s
 522509 75323     cutoff   44       385.53161  376.23289  2.41%  12.3 1206s
 524947 75155     cutoff   44       385.53161  376.27932  2.40%  12.3 1212s
 526084 75040  381.92213   52   33  385.53161  376.30256  2.39%  12.3 1216s
 528598 74861  378.71880   56   12  385.53161  376.34959  2.38%  12.3 1222s
 529841 74771     cutoff   39       385.53161  376.37600  2.37%  12.3 1225s
 532256 74617  383.03351   34   20  385.53161  376.42281  2.36%  12.3 1231s
 533401 74544  381.12485   44   35  385.53161  376.44781  2.36%  12.3 1235s
 535792 74437     cutoff   45       385.53161  376.49643  2.34%  12.2 1241s
 538061 74253     cutoff   51       385.53161  376.54155  2.33%  12.2 1247s
 539461 74155  380.47905   45   26  385.53161  376.56772  2.33%  12.2 1250s
 541645 73950  380.73800   48   43  385.53161  376.62290  2.31%  12.2 1256s
 543925 73758  384.75825   47   39  385.53161  376.66877  2.30%  12.2 1262s
 545124 73696  383.00928   38   39  385.53161  376.69396  2.29%  12.2 1265s
 547357 73487  380.37866   44   23  385.53161  376.73653  2.28%  12.2 1272s
 548667 73362  384.42663   44   37  385.53161  376.76589  2.27%  12.2 1275s
 551140 73116  382.91681   47   18  385.53161  376.81211  2.26%  12.2 1282s
 552328 72998  377.21430   41   23  385.53161  376.84316  2.25%  12.2 1285s
 554823 72765  385.37029   40   22  385.53161  376.89147  2.24%  12.2 1292s
 556075 72687     cutoff   45       385.53161  376.92135  2.23%  12.2 1295s
 558361 72423  382.06045   42   10  385.53161  376.97139  2.22%  12.2 1301s
 559674 72279  384.47455   42   22  385.53161  376.99762  2.21%  12.2 1305s
 562253 71992     cutoff   50       385.53161  377.04729  2.20%  12.1 1312s
 563329 71889     cutoff   48       385.53161  377.07732  2.19%  12.1 1315s
 565918 71593  383.85051   44   39  385.53161  377.13326  2.18%  12.1 1322s
 567172 71435     cutoff   45       385.53161  377.15609  2.17%  12.1 1326s
 569622 71119  384.15365   50   24  385.53161  377.20490  2.16%  12.1 1332s
 570891 71005     cutoff   49       385.53161  377.23739  2.15%  12.1 1335s
 573197 70738  382.18172   48   16  385.53161  377.27911  2.14%  12.1 1342s
 574380 70614  380.74166   41   36  385.53161  377.30909  2.13%  12.1 1345s
 576959 70287  383.50988   43   36  385.53161  377.36010  2.12%  12.1 1352s
 578246 70129  381.94899   38   20  385.53161  377.38734  2.11%  12.1 1355s
 580703 69850     cutoff   42       385.53161  377.44383  2.10%  12.1 1362s
 581864 69702     cutoff   43       385.53161  377.46356  2.09%  12.1 1365s
 584245 69408     cutoff   46       385.53161  377.52021  2.08%  12.1 1372s
 585625 69303     cutoff   49       385.53161  377.54532  2.07%  12.1 1375s
 588060 68958  383.11921   43   19  385.53161  377.59154  2.06%  12.1 1382s
 589299 68804  380.91259   38   27  385.53161  377.61420  2.05%  12.0 1386s
 591838 68430     cutoff   46       385.53161  377.66630  2.04%  12.0 1392s
 593079 68259  384.40969   45   36  385.53161  377.69852  2.03%  12.0 1396s
 595658 67917  380.92290   43   35  385.53161  377.74846  2.02%  12.0 1403s
 596909 67777  385.18284   41   24  385.53161  377.77585  2.01%  12.0 1406s
 599263 67446  382.01644   40   21  385.53161  377.82506  2.00%  12.0 1413s
 600494 67275  378.57565   52   20  385.53161  377.84962  1.99%  12.0 1417s
 601840 67111  382.18374   51   25  385.53161  377.87370  1.99%  12.0 1420s
 604150 66702  381.48263   45   36  385.53161  377.92666  1.97%  12.0 1427s
 605567 66495     cutoff   53       385.53161  377.95071  1.97%  12.0 1430s
 608195 66110     cutoff   63       385.53161  378.00135  1.95%  12.0 1437s
 609549 65884  381.66492   57   26  385.53161  378.02782  1.95%  12.0 1441s
 610840 65709  380.10144   43   35  385.53161  378.05816  1.94%  12.0 1445s
 613435 65353  378.36892   42   35  385.53161  378.11021  1.92%  12.0 1452s
 614745 65165  383.99607   42   20  385.53161  378.13890  1.92%  12.0 1456s
 617548 64860     cutoff   49       385.53161  378.19243  1.90%  12.0 1462s
 618197 64630     cutoff   48       385.53161  378.19533  1.90%  11.9 1465s
 620730 64245     cutoff   47       385.53161  378.25715  1.89%  11.9 1473s
 622193 64033  378.69887   42   27  385.53161  378.28637  1.88%  11.9 1477s
 623512 63797     cutoff   48       385.53161  378.31439  1.87%  11.9 1481s
 625923 63447     cutoff   46       385.53161  378.35690  1.86%  11.9 1488s
 627042 63227  384.84599   50   33  385.53161  378.38925  1.85%  11.9 1492s
 628252 62969  381.99133   38   46  385.53161  378.41404  1.85%  11.9 1496s
 629502 62756  384.64963   43   29  385.53161  378.44622  1.84%  11.9 1500s
 632040 62297     cutoff   51       385.53161  378.49766  1.82%  11.9 1508s
 633204 62103  383.50266   47   33  385.53161  378.52431  1.82%  11.9 1511s
 634416 61878     cutoff   44       385.53161  378.54927  1.81%  11.9 1515s
 636852 61365  381.32460   45   27  385.53161  378.60715  1.80%  11.9 1523s
 638115 61145  379.65108   50   31  385.53161  378.63659  1.79%  11.9 1527s
 639351 60902     cutoff   47       385.53161  378.66315  1.78%  11.9 1531s
 640636 60650  383.81646   35   22  385.53161  378.68877  1.77%  11.9 1535s
 643119 60150  384.81555   39   26  385.53161  378.74809  1.76%  11.9 1543s
 644470 59869     cutoff   46       385.53161  378.77942  1.75%  11.9 1548s
 645726 59634  382.99429   37   29  385.53161  378.80790  1.74%  11.9 1552s
 646858 59361  383.27842   47   29  385.53161  378.83504  1.74%  11.9 1556s
 648176 59063     cutoff   44       385.53161  378.86434  1.73%  11.9 1560s
 649427 58806  382.28451   47   27  385.53161  378.88881  1.72%  11.9 1565s
 652114 58207  383.33249   47   12  385.53161  378.95069  1.71%  11.9 1574s
 653437 57941  384.19647   45   30  385.53161  378.97767  1.70%  11.9 1578s
 654783 57674  385.06012   50   29  385.53161  379.00782  1.69%  11.9 1582s
 656106 57366     cutoff   50       385.53161  379.03731  1.68%  11.9 1587s
 657529 57088  385.23267   51   27  385.53161  379.06663  1.68%  11.9 1591s
 658792 56816     cutoff   42       385.53161  379.09668  1.67%  11.9 1595s
 660194 56513  383.38792   59   27  385.53161  379.13136  1.66%  11.9 1600s
 662661 55938  382.20905   44   32  385.53161  379.18496  1.65%  11.9 1608s
 663907 55629  382.67887   45   12  385.53161  379.21627  1.64%  11.9 1613s
 665271 55344  383.91403   50   32  385.53161  379.24630  1.63%  11.9 1618s
 666616 55023  384.56755   46   23  385.53161  379.28031  1.62%  11.9 1622s
 667934 54729  384.90952   44   29  385.53161  379.31003  1.61%  11.9 1627s
 669276 54448     cutoff   47       385.53161  379.34050  1.61%  11.9 1631s
 670577 54102     cutoff   42       385.53161  379.36761  1.60%  11.9 1635s
 671899 53808     cutoff   42       385.53161  379.40385  1.59%  11.9 1640s
 674360 53155  383.94789   44   43  385.53161  379.45920  1.58%  11.9 1648s
 675671 52762  384.65379   51   24  385.53161  379.49720  1.57%  11.9 1653s
 676978 52398  384.69711   42   14  385.53161  379.53453  1.56%  11.9 1657s
 678295 52039  383.69263   40   26  385.53161  379.57125  1.55%  11.9 1662s
 679669 51678 infeasible   41       385.53161  379.60672  1.54%  11.9 1667s
 680997 51325     cutoff   46       385.53161  379.63858  1.53%  11.9 1671s
 682270 50946     cutoff   47       385.53161  379.67014  1.52%  11.9 1676s
 683634 50643  382.68302   45   16  385.53161  379.70727  1.51%  11.9 1681s
 684831 50644 infeasible   39       385.53161  379.73655  1.50%  11.9 1686s
 684846 50344  384.63013   41   27  385.53161  379.73720  1.50%  11.9 1691s
 686012 50011  383.99816   47   23  385.53161  379.76165  1.50%  11.9 1695s
 687359 49600     cutoff   45       385.53161  379.79224  1.49%  11.9 1700s
 690061 48891  384.29307   45   36  385.53161  379.86490  1.47%  11.9 1709s
 691298 48507     cutoff   46       385.53161  379.89391  1.46%  11.9 1714s
 692645 48112     cutoff   41       385.53161  379.93118  1.45%  11.9 1718s
 694100 47739     cutoff   43       385.53161  379.96667  1.44%  11.9 1723s
 695446 47349  383.82219   50   25  385.53161  380.00157  1.43%  11.9 1728s
 696874 46933     cutoff   37       385.53161  380.03745  1.43%  11.9 1733s
 698141 46510     cutoff   47       385.53161  380.07832  1.41%  11.9 1737s
 699476 46125     cutoff   52       385.53161  380.11231  1.41%  11.9 1742s
 700836 45689     cutoff   47       385.53161  380.14936  1.40%  11.9 1746s
 702098 45259  383.93579   46   44  385.53161  380.18502  1.39%  11.9 1751s
 703507 44849  384.98291   50   20  385.53161  380.21681  1.38%  11.9 1756s
 704819 44408  383.36281   49   10  385.53161  380.25747  1.37%  11.9 1760s
 707163 43980  382.44743   45   32  385.53161  380.29634  1.36%  11.9 1765s
 708784 43152  385.45072   47   24  385.53161  380.37176  1.34%  11.9 1774s
 710106 42689  381.99847   37   25  385.53161  380.40867  1.33%  11.9 1778s
 711446 42249     cutoff   53       385.53161  380.44351  1.32%  11.9 1783s
 712784 41816     cutoff   43       385.53161  380.48190  1.31%  11.9 1787s
 714035 41394     cutoff   50       385.53161  380.52546  1.30%  11.9 1792s
 715222 40900  384.67146   44   39  385.53161  380.56563  1.29%  11.9 1796s
 716626 40467  382.02878   59   19  385.53161  380.60070  1.28%  11.9 1801s
 717875 39890     cutoff   46       385.53161  380.64291  1.27%  11.9 1805s
 719266 39407  380.69795   39   14  385.53161  380.68665  1.26%  11.9 1810s
 721877 38518  382.20271   46   18  385.53161  380.77479  1.23%  11.9 1818s
 722938 38265     cutoff   38       385.53161  380.81323  1.22%  11.9 1822s
 723647 37821     cutoff   53       385.53161  380.82421  1.22%  11.9 1826s
 724920 37269     cutoff   45       385.53161  380.87424  1.21%  11.9 1831s
 726344 36733  381.47056   47   33  385.53161  380.91916  1.20%  11.9 1836s
 727693 36211     cutoff   41       385.53161  380.97152  1.18%  11.9 1840s
 729081 35624  383.93315   43   18  385.53161  381.01571  1.17%  11.9 1845s
 730432 35101     cutoff   51       385.53161  381.06725  1.16%  11.9 1850s
 731939 34536     cutoff   41       385.53161  381.11365  1.15%  11.9 1855s
 734476 33475  381.56034   49   21  385.53161  381.21038  1.12%  11.9 1864s
 735761 32889     cutoff   42       385.53161  381.25537  1.11%  11.9 1868s
 737182 32326  384.13870   48   29  385.53161  381.29991  1.10%  11.9 1872s
 738419 31761     cutoff   47       385.53161  381.35476  1.08%  11.9 1877s
 739680 31252     cutoff   47       385.53161  381.40342  1.07%  11.9 1881s
 740917 30638     cutoff   43       385.53161  381.45673  1.06%  11.9 1886s
 742301 30076  381.82010   47   25  385.53161  381.50485  1.04%  11.9 1890s
 743544 29465  383.15345   43   28  385.53161  381.55665  1.03%  11.9 1895s
 746117 28203  384.16578   49   33  385.53161  381.66699  1.00%  11.9 1903s
 747503 27563 infeasible   42       385.53161  381.72600  0.99%  11.9 1908s
 748867 26927     cutoff   50       385.53161  381.78650  0.97%  11.9 1912s
 750206 26315     cutoff   40       385.53161  381.84389  0.96%  11.9 1916s
 751518 25652     cutoff   51       385.53161  381.90326  0.94%  11.9 1920s
 754128 24292     cutoff   42       385.53161  382.01807  0.91%  11.9 1928s
 755492 23642  384.47968   51   31  385.53161  382.08295  0.89%  11.9 1932s
 756735 22973     cutoff   50       385.53161  382.14350  0.88%  11.9 1936s
 757962 22328     cutoff   51       385.53161  382.20542  0.86%  11.9 1940s
 760353 20909  384.18478   50   41  385.53161  382.34305  0.83%  11.9 1948s
 761655 20198  383.08024   40    8  385.53161  382.41157  0.81%  11.9 1951s
 762930 19568  385.40576   52   18  385.53161  382.48127  0.79%  11.9 1955s
 765295 18138     cutoff   49       385.53161  382.61605  0.76%  11.9 1963s
 766538 17437     cutoff   42       385.53161  382.68739  0.74%  11.9 1967s
 767666 16728  383.86039   43   28  385.53161  382.77436  0.72%  11.9 1970s
 769992 15226     cutoff   48       385.53161  382.94601  0.67%  11.8 1977s
 771212 14471  385.25501   45   33  385.53161  383.02284  0.65%  11.8 1980s
 773093 13260  384.80808   43   36  385.53161  383.16847  0.61%  11.8 1986s
 775398 11644  383.41260   46   22  385.53161  383.37742  0.56%  11.8 1993s
 776591 10865  384.74624   52   35  385.53161  383.47248  0.53%  11.8 1996s
 778811  9158     cutoff   39       385.53161  383.70473  0.47%  11.8 2002s
 780015  8260     cutoff   53       385.53161  383.83778  0.44%  11.8 2005s
 782352  6482     cutoff   41       385.53161  384.09118  0.37%  11.8 2011s
 784572  4662     cutoff   44       385.53161  384.39494  0.29%  11.8 2018s
 785711  3654     cutoff   53       385.53161  384.57246  0.25%  11.8 2021s
 788055  1521  385.37937   45   28  385.53161  384.95053  0.15%  11.8 2026s

Cutting planes:
  Gomory: 6
  Zero half: 13
  Lazy constraints: 2518

Explored 790777 nodes (9299016 simplex iterations) in 2030.14 seconds (1744.21 work units)
Thread count was 8 (of 16 available processors)

Solution count 10: 385.532 387.404 388.092 ... 423.226

Optimal solution found (tolerance 1.00e-04)
Best objective 3.855316120430e+02, best bound 3.855316120430e+02, gap 0.0000%

User-callback calls 1639738, time in user-callback 256.14 sec
### START EXACT APPROACH ###
ProblemVariant: 1
### START PREPROCESSING ###
## Start infeasible path procedure ## 
Deleted arcs: 2
Infeasible tail paths: 0
Infeasible 2-node combinations: 1
## Start extended infeasible path procedure ##
Deleted arcs: 2
Infeasible tail paths: 0
Infeasible 2-node combinations: 1
## Start start solution procedure ##
### END PREPROCESSING ###
Route 0 0-2-7-5-20-6-0 : weight util 0.894118 | volume util 0.427111 | infeasible with packing heuristic | feasible with CP model
Route 1 0-8-15-13-0 : weight util 1.000000 | volume util 0.515800 | infeasible with packing heuristic | feasible with CP model
Route 2 0-9-3-4-14-16-17-0 : weight util 1.000000 | volume util 0.630800 | infeasible with packing heuristic | feasible with CP model
Route 3 0-12-18-10-19-11-1-0 : weight util 0.976471 | volume util 0.667022 | infeasible with packing heuristic | feasible with CP model
