
Gurobi 10.0.0 (win64, C++) logging started Mon Nov 20 09:13:10 2023

Set parameter TokenServer to value "141.30.89.215"
Warning: Gurobi version mismatch between C++ 10.0.3 and C library 10.0.0
Set parameter Threads to value 8
Set parameter LazyConstraints to value 1
Set parameter PreCrush to value 1
Set parameter TimeLimit to value 28800
Set parameter SolutionLimit to value 10000
Gurobi Optimizer version 10.0.0 build v10.0.0rc2 (win64)

CPU model: AMD EPYC 7513 32-Core Processor, instruction set [SSE2|AVX|AVX2]
Thread count: 16 physical cores, 16 logical processors, using up to 8 threads

Optimize a model with 374 rows, 676 columns and 1994 nonzeros
Model fingerprint: 0xb9bc9129
Variable types: 0 continuous, 676 integer (676 binary)
Coefficient statistics:
  Matrix range     [1e+00, 1e+00]
  Objective range  [5e+00, 9e+01]
  Bounds range     [1e+00, 1e+00]
  RHS range        [1e+00, 8e+00]
Presolve removed 62 rows and 108 columns
Presolve time: 0.00s
Presolved: 312 rows, 568 columns, 1659 nonzeros
Variable types: 0 continuous, 568 integer (568 binary)

Root relaxation: objective 4.668467e+02, 95 iterations, 0.00 seconds (0.00 work units)

    Nodes    |    Current Node    |     Objective Bounds      |     Work
 Expl Unexpl |  Obj  Depth IntInf | Incumbent    BestBd   Gap | It/Node Time

     0     0  466.84671    0    -          -  466.84671      -     -    0s
     0     0  492.83241    0   14          -  492.83241      -     -    0s
     0     0  498.88065    0   12          -  498.88065      -     -    0s
     0     0  512.77170    0    -          -  512.77170      -     -    0s
     0     0  531.75893    0    -          -  531.75893      -     -    0s
     0     0  540.13529    0   12          -  540.13529      -     -    0s
     0     0  541.11731    0   12          -  541.11731      -     -    0s
     0     0  543.25724    0   12          -  543.25724      -     -    0s
     0     2  543.25724    0   12          -  543.25724      -     -    0s
  3358  2314  586.38918   40   49          -  572.56504      -  15.9    5s
  8480  5960  599.95628   28   60          -  575.96780      -  16.2   10s
 14775 11226  598.85700   30   47          -  578.98780      -  17.1   15s
 21940 17536  624.33962   42   27          -  580.72591      -  17.5   20s
 29494 23691  730.11040   56   12          -  582.27110      -  18.0   25s
 35238 28575  602.70392   30   38          -  583.16709      -  18.0   30s
 41388 33615  628.79672   30   43          -  584.27686      -  18.1   35s
 46171 37816  681.92638   70   18          -  584.83625      -  18.2   40s
 51462 42309 infeasible   49               -  585.44193      -  18.2   45s
 56633 46736  613.48312   29   49          -  585.90115      -  18.2   50s
*56862 18803              46     631.6224409  585.90115  7.24%  18.2   50s
 61110 20259  602.36818   29   46  631.62244  587.67717  6.96%  18.6   55s
H62408 19809                     630.1275730  587.97814  6.69%  18.7   56s
 66526 21613  614.23166   43   58  630.12757  589.44727  6.46%  19.1   60s
H70438 22986                     630.1275602  590.80900  6.24%  19.4   62s
H72147 23577                     630.1275520  591.34809  6.15%  19.5   64s
 72765 23913  612.58549   40   30  630.12755  591.55720  6.12%  19.6   65s
H75885 24887                     630.1275363  592.26546  6.01%  19.8   67s
 78847 26015     cutoff   35       630.12754  593.09505  5.88%  19.9   70s
H83307 27461                     630.1275147  594.21883  5.70%  20.1   73s
 85757 28275  598.48166   33   45  630.12751  594.67364  5.63%  20.2   75s
 91866 30253  602.60521   32   51  630.12751  595.88603  5.43%  20.4   80s
 97023 31780  622.36553   32   33  630.12751  596.78717  5.29%  20.5   85s
 103544 33711  623.89562   42   57  630.12751  597.79149  5.13%  20.6   90s
 110342 35488  613.53097   33   61  630.12751  598.76524  4.98%  20.7   95s
 116234 37246  616.92075   49   45  630.12751  599.58210  4.85%  20.8  100s
 122213 39029  606.33171   36   37  630.12751  600.24611  4.74%  20.8  105s
 128781 40607  624.05887   36   51  630.12751  601.01813  4.62%  20.9  110s
 135409 41920     cutoff   43       630.12751  601.73568  4.51%  21.0  115s
 141337 43379  627.01281   37   52  630.12751  602.33454  4.41%  21.0  120s
 147714 44686  616.49452   49   46  630.12751  602.94906  4.31%  21.1  125s
 153840 45873  613.23206   31   53  630.12751  603.49309  4.23%  21.1  130s
 160107 47051  614.91638   46   51  630.12751  604.06085  4.14%  21.2  135s
 167307 48344     cutoff   33       630.12751  604.66590  4.04%  21.2  140s
 172628 49151  613.57687   35   40  630.12751  605.10314  3.97%  21.2  145s
 178499 50129  627.82198   57   48  630.12751  605.62268  3.89%  21.3  150s
 184524 51231     cutoff   46       630.12751  606.05191  3.82%  21.3  155s
 190647 52129  626.88595   37   58  630.12751  606.47342  3.75%  21.3  160s
 196855 53058  625.54507   43   30  630.12751  606.92822  3.68%  21.3  165s
 202896 53938  623.05744   38   43  630.12751  607.31744  3.62%  21.3  170s
 208580 54732     cutoff   43       630.12751  607.72384  3.56%  21.3  175s
 214980 55391     cutoff   48       630.12751  608.15673  3.49%  21.3  180s
 221474 56222     cutoff   36       630.12751  608.60285  3.42%  21.3  185s
 226980 56746  626.50623   35   61  630.12751  608.94341  3.36%  21.3  190s
 232740 57156     cutoff   41       630.12751  609.32732  3.30%  21.3  195s
 239310 57659  628.21036   34   42  630.12751  609.74610  3.23%  21.3  200s
 243796 57967     cutoff   33       630.12751  610.05513  3.19%  21.3  205s
 249572 58386  614.11109   40   45  630.12751  610.40039  3.13%  21.4  210s
 255010 58662  618.08972   34   43  630.12751  610.72108  3.08%  21.4  215s
 261819 58939     cutoff   44       630.12751  611.12607  3.02%  21.4  220s
 267762 59127  620.22307   44   50  630.12751  611.45731  2.96%  21.4  225s
H268082 59127                     630.1274954  611.45992  2.96%  21.4  225s
H268792 59137                     630.1274851  611.50484  2.96%  21.4  226s
 272550 59223  618.51964   39   32  630.12749  611.72898  2.92%  21.4  230s
H276995 59284                     630.1274789  611.99573  2.88%  21.4  233s
 279104 59417  626.95666   36   47  630.12748  612.11983  2.86%  21.4  235s
 283955 59516     cutoff   34       630.12748  612.40192  2.81%  21.4  240s
 290349 59649  623.85535   30   28  630.12748  612.77569  2.75%  21.4  245s
 297058 59636  626.73048   46   43  630.12748  613.15235  2.69%  21.4  250s
 302842 59564  621.79120   29   39  630.12748  613.45025  2.65%  21.3  255s
 309175 59487  630.02118   40   30  630.12748  613.78559  2.59%  21.3  260s
 315026 59392 infeasible   31       630.12748  614.13691  2.54%  21.3  265s
 321059 59240  619.75083   36   53  630.12748  614.43487  2.49%  21.3  270s
 326828 58985     cutoff   54       630.12748  614.74582  2.44%  21.3  275s
 332682 58837     cutoff   43       630.12748  615.04341  2.39%  21.3  280s
 338143 58755     cutoff   53       630.12748  615.30368  2.35%  21.3  285s
 344266 58461  618.82637   41   47  630.12748  615.62743  2.30%  21.3  290s
 351626 57987  616.35589   38   58  630.12748  616.01928  2.24%  21.2  295s
 356790 57617  628.63658   47   46  630.12748  616.25693  2.20%  21.2  300s
 363305 57024  628.98661   44   56  630.12748  616.57717  2.15%  21.2  305s
 369496 56420     cutoff   29       630.12748  616.88543  2.10%  21.2  310s
 375488 55645     cutoff   34       630.12748  617.21077  2.05%  21.2  315s
 381011 55102  627.78388   33   14  630.12748  617.48024  2.01%  21.2  320s
 386729 54490  624.46417   46   24  630.12748  617.75084  1.96%  21.1  325s
 392776 53640     cutoff   44       630.12748  618.04848  1.92%  21.1  330s
 398060 52782  625.06314   42   35  630.12748  618.32921  1.87%  21.1  335s
 404951 51579     cutoff   42       630.12748  618.69158  1.81%  21.1  340s
 410566 50668  628.59915   35   36  630.12748  618.97785  1.77%  21.1  345s
 417475 49321     cutoff   40       630.12748  619.34291  1.71%  21.0  350s
 423136 48237     cutoff   40       630.12748  619.64876  1.66%  21.0  355s
 428857 47024     cutoff   60       630.12748  619.93214  1.62%  21.0  360s
 435504 45529  627.19577   48   64  630.12748  620.28510  1.56%  21.0  365s
 440790 44235     cutoff   52       630.12748  620.58082  1.52%  20.9  370s
 446790 42608  630.02039   36   42  630.12748  620.93033  1.46%  20.9  375s
 454038 40458     cutoff   38       630.12748  621.34012  1.39%  20.9  380s
 459576 38856     cutoff   49       630.12748  621.65296  1.34%  20.9  385s
 465689 36888  626.65143   40   48  630.12748  622.02048  1.29%  20.8  390s
 472836 34506     cutoff   48       630.12748  622.47208  1.21%  20.8  395s
 478471 32347     cutoff   48       630.12748  622.83760  1.16%  20.8  400s
 484993 29632  624.88142   36   28  630.12748  623.31111  1.08%  20.7  405s
 491236 27035  629.68804   33   58  630.12748  623.76995  1.01%  20.7  410s
 498434 23519     cutoff   39       630.12748  624.34193  0.92%  20.6  415s
 505673 19918 infeasible   42       630.12748  624.96743  0.82%  20.6  420s
 512540 15870  628.79718   40   48  630.12748  625.62529  0.71%  20.5  425s
 520834 10696     cutoff   41       630.12748  626.63360  0.55%  20.4  430s
 529995  3388     cutoff   30       630.12748  628.33703  0.28%  20.3  435s

Cutting planes:
  Gomory: 3
  Flow cover: 1
  Zero half: 4
  Lazy constraints: 4555

Explored 534927 nodes (10776556 simplex iterations) in 437.02 seconds (836.88 work units)
Thread count was 8 (of 16 available processors)

Solution count 3: 630.127 630.128 631.622 

Optimal solution found (tolerance 1.00e-04)
Best objective 6.301274788945e+02, best bound 6.301274788945e+02, gap 0.0000%

User-callback calls 1087195, time in user-callback 31.05 sec
### START EXACT APPROACH ###
ProblemVariant: 1
### START PREPROCESSING ###
## Start infeasible path procedure ## 
Deleted arcs: 81
Infeasible tail paths: 23
Infeasible 2-node combinations: 39
## Start extended infeasible path procedure ##
Deleted arcs: 82
Infeasible tail paths: 22
Infeasible 2-node combinations: 39
## Start start solution procedure ##
### END PREPROCESSING ###
Route 0 0-2-4-25-10-0 : weight util 0.979167 | volume util 0.547733 | infeasible with packing heuristic | feasible with CP model
Route 1 0-3-0 : weight util 0.854167 | volume util 0.046200 | infeasible with packing heuristic | feasible with CP model
Route 2 0-9-8-11-12-0 : weight util 1.000000 | volume util 0.538333 | infeasible with packing heuristic | feasible with CP model
Route 3 0-15-19-0 : weight util 0.937500 | volume util 0.334400 | infeasible with packing heuristic | feasible with CP model
Route 4 0-16-13-7-1-0 : weight util 1.000000 | volume util 0.578311 | infeasible with packing heuristic | feasible with CP model
Route 5 0-17-5-14-0 : weight util 0.958333 | volume util 0.606222 | infeasible with packing heuristic | feasible with CP model
Route 6 0-22-18-24-0 : weight util 0.958333 | volume util 0.426689 | infeasible with packing heuristic | feasible with CP model
Route 7 0-23-6-20-21-0 : weight util 0.958333 | volume util 0.536889 | infeasible with packing heuristic | feasible with CP model
